[ 2016-04-07T14:49:31+08:00 ] 127.0.0.1 /Frame/
INFO: [ app_init ] --START--
INFO: Run Behavior\BuildLiteBehavior [ RunTime:0.000010s ]
INFO: [ app_init ] --END-- [ RunTime:0.000067s ]
INFO: [ app_begin ] --START--
INFO: Run Behavior\ReadHtmlCacheBehavior [ RunTime:0.000602s ]
INFO: [ app_begin ] --END-- [ RunTime:0.000639s ]
INFO: [ view_parse ] --START--
INFO: [ template_filter ] --START--
INFO: Run Behavior\ContentReplaceBehavior [ RunTime:0.028599s ]
INFO: [ template_filter ] --END-- [ RunTime:0.028679s ]
INFO: Run Behavior\ParseTemplateBehavior [ RunTime:0.039401s ]
INFO: [ view_parse ] --END-- [ RunTime:0.039449s ]
INFO: [ view_filter ] --START--
INFO: Run Behavior\WriteHtmlCacheBehavior [ RunTime:0.000282s ]
INFO: [ view_filter ] --END-- [ RunTime:0.000305s ]
INFO: [ app_end ] --START--
INFO: Run Behavior\ShowPageTraceBehavior [ RunTime:0.000527s ]
INFO: [ app_end ] --END-- [ RunTime:0.000557s ]

[ 2016-04-07T14:56:19+08:00 ] 127.0.0.1 /Frame/
INFO: [ app_init ] --START--
INFO: Run Behavior\BuildLiteBehavior [ RunTime:0.000011s ]
INFO: [ app_init ] --END-- [ RunTime:0.000356s ]
INFO: [ app_begin ] --START--
INFO: Run Behavior\ReadHtmlCacheBehavior [ RunTime:0.000434s ]
INFO: [ app_begin ] --END-- [ RunTime:0.000476s ]
INFO: [ view_parse ] --START--
INFO: Run Behavior\ParseTemplateBehavior [ RunTime:0.000326s ]
INFO: [ view_parse ] --END-- [ RunTime:0.000362s ]
INFO: [ view_filter ] --START--
INFO: Run Behavior\WriteHtmlCacheBehavior [ RunTime:0.000259s ]
INFO: [ view_filter ] --END-- [ RunTime:0.000286s ]
INFO: [ app_end ] --START--
INFO: Run Behavior\ShowPageTraceBehavior [ RunTime:0.000415s ]
INFO: [ app_end ] --END-- [ RunTime:0.000441s ]

[ 2016-04-07T14:56:51+08:00 ] 127.0.0.1 /Frame/index.php/Home/First/
INFO: [ app_init ] --START--
INFO: Run Behavior\BuildLiteBehavior [ RunTime:0.000011s ]
INFO: [ app_init ] --END-- [ RunTime:0.000323s ]
INFO: [ app_begin ] --START--
INFO: Run Behavior\ReadHtmlCacheBehavior [ RunTime:0.000484s ]
INFO: [ app_begin ] --END-- [ RunTime:0.000525s ]
ERR: 无法加载控制器:First

[ 2016-04-07T14:56:56+08:00 ] 127.0.0.1 /Frame/index.php/Home/
INFO: [ app_init ] --START--
INFO: Run Behavior\BuildLiteBehavior [ RunTime:0.000011s ]
INFO: [ app_init ] --END-- [ RunTime:0.000332s ]
INFO: [ app_begin ] --START--
INFO: Run Behavior\ReadHtmlCacheBehavior [ RunTime:0.000391s ]
INFO: [ app_begin ] --END-- [ RunTime:0.000426s ]
INFO: [ view_parse ] --START--
INFO: Run Behavior\ParseTemplateBehavior [ RunTime:0.000266s ]
INFO: [ view_parse ] --END-- [ RunTime:0.000301s ]
INFO: [ view_filter ] --START--
INFO: Run Behavior\WriteHtmlCacheBehavior [ RunTime:0.000315s ]
INFO: [ view_filter ] --END-- [ RunTime:0.000342s ]
INFO: [ app_end ] --START--
INFO: Run Behavior\ShowPageTraceBehavior [ RunTime:0.000451s ]
INFO: [ app_end ] --END-- [ RunTime:0.000493s ]

[ 2016-04-07T14:58:08+08:00 ] 127.0.0.1 /Frame/index.php/Home/First
INFO: [ app_init ] --START--
INFO: Run Behavior\BuildLiteBehavior [ RunTime:0.000010s ]
INFO: [ app_init ] --END-- [ RunTime:0.000338s ]
INFO: [ app_begin ] --START--
INFO: Run Behavior\ReadHtmlCacheBehavior [ RunTime:0.000409s ]
INFO: [ app_begin ] --END-- [ RunTime:0.000443s ]
ERR: 无法加载控制器:First

[ 2016-04-07T14:59:03+08:00 ] 127.0.0.1 /Frame/index.php/Home
INFO: [ app_init ] --START--
INFO: Run Behavior\BuildLiteBehavior [ RunTime:0.000009s ]
INFO: [ app_init ] --END-- [ RunTime:0.000479s ]
INFO: [ app_begin ] --START--
INFO: Run Behavior\ReadHtmlCacheBehavior [ RunTime:0.000393s ]
INFO: [ app_begin ] --END-- [ RunTime:0.000437s ]
INFO: [ app_end ] --START--
INFO: Run Behavior\ShowPageTraceBehavior [ RunTime:0.000408s ]
INFO: [ app_end ] --END-- [ RunTime:0.000443s ]

[ 2016-04-07T15:00:10+08:00 ] 127.0.0.1 /Frame/index.php/Home/First
INFO: [ app_init ] --START--
INFO: Run Behavior\BuildLiteBehavior [ RunTime:0.000011s ]
INFO: [ app_init ] --END-- [ RunTime:0.000315s ]
INFO: [ app_begin ] --START--
INFO: Run Behavior\ReadHtmlCacheBehavior [ RunTime:0.000418s ]
INFO: [ app_begin ] --END-- [ RunTime:0.000458s ]
INFO: [ app_end ] --START--
INFO: Run Behavior\ShowPageTraceBehavior [ RunTime:0.000503s ]
INFO: [ app_end ] --END-- [ RunTime:0.000567s ]

[ 2016-04-07T15:13:26+08:00 ] 127.0.0.1 /Frame/index.php/Home/First
INFO: [ app_init ] --START--
INFO: Run Behavior\BuildLiteBehavior [ RunTime:0.000008s ]
INFO: [ app_init ] --END-- [ RunTime:0.000330s ]
INFO: [ app_begin ] --START--
INFO: Run Behavior\ReadHtmlCacheBehavior [ RunTime:0.000456s ]
INFO: [ app_begin ] --END-- [ RunTime:0.000487s ]
INFO: [ app_end ] --START--
INFO: Run Behavior\ShowPageTraceBehavior [ RunTime:0.000455s ]
INFO: [ app_end ] --END-- [ RunTime:0.000490s ]

[ 2016-04-07T15:13:27+08:00 ] 127.0.0.1 /Frame/index.php/Home/First
INFO: [ app_init ] --START--
INFO: Run Behavior\BuildLiteBehavior [ RunTime:0.000011s ]
INFO: [ app_init ] --END-- [ RunTime:0.000353s ]
INFO: [ app_begin ] --START--
INFO: Run Behavior\ReadHtmlCacheBehavior [ RunTime:0.000456s ]
INFO: [ app_begin ] --END-- [ RunTime:0.000498s ]
INFO: [ app_end ] --START--
INFO: Run Behavior\ShowPageTraceBehavior [ RunTime:0.000383s ]
INFO: [ app_end ] --END-- [ RunTime:0.000423s ]

[ 2016-04-07T15:13:33+08:00 ] 127.0.0.1 /Frame/
INFO: [ app_init ] --START--
INFO: Run Behavior\BuildLiteBehavior [ RunTime:0.000010s ]
INFO: [ app_init ] --END-- [ RunTime:0.000342s ]
INFO: [ app_begin ] --START--
INFO: Run Behavior\ReadHtmlCacheBehavior [ RunTime:0.000373s ]
INFO: [ app_begin ] --END-- [ RunTime:0.000409s ]
INFO: [ app_end ] --START--
INFO: Run Behavior\ShowPageTraceBehavior [ RunTime:0.000437s ]
INFO: [ app_end ] --END-- [ RunTime:0.000481s ]

[ 2016-04-07T15:13:33+08:00 ] 127.0.0.1 /Frame/
INFO: [ app_init ] --START--
INFO: Run Behavior\BuildLiteBehavior [ RunTime:0.000020s ]
INFO: [ app_init ] --END-- [ RunTime:0.000559s ]
INFO: [ app_begin ] --START--
INFO: Run Behavior\ReadHtmlCacheBehavior [ RunTime:0.000416s ]
INFO: [ app_begin ] --END-- [ RunTime:0.000459s ]
INFO: [ app_end ] --START--
INFO: Run Behavior\ShowPageTraceBehavior [ RunTime:0.000537s ]
INFO: [ app_end ] --END-- [ RunTime:0.000591s ]

[ 2016-04-07T15:13:35+08:00 ] 127.0.0.1 /Frame/
INFO: [ app_init ] --START--
INFO: Run Behavior\BuildLiteBehavior [ RunTime:0.000010s ]
INFO: [ app_init ] --END-- [ RunTime:0.000354s ]
INFO: [ app_begin ] --START--
INFO: Run Behavior\ReadHtmlCacheBehavior [ RunTime:0.000411s ]
INFO: [ app_begin ] --END-- [ RunTime:0.000447s ]
INFO: [ app_end ] --START--
INFO: Run Behavior\ShowPageTraceBehavior [ RunTime:0.000502s ]
INFO: [ app_end ] --END-- [ RunTime:0.000545s ]

[ 2016-04-07T15:16:53+08:00 ] 127.0.0.1 /Frame/
INFO: [ app_init ] --START--
INFO: Run Behavior\BuildLiteBehavior [ RunTime:0.000011s ]
INFO: [ app_init ] --END-- [ RunTime:0.000409s ]
INFO: [ app_begin ] --START--
INFO: Run Behavior\ReadHtmlCacheBehavior [ RunTime:0.000398s ]
INFO: [ app_begin ] --END-- [ RunTime:0.000433s ]
INFO: [ app_end ] --START--
INFO: Run Behavior\ShowPageTraceBehavior [ RunTime:0.000605s ]
INFO: [ app_end ] --END-- [ RunTime:0.000647s ]

[ 2016-04-07T15:16:56+08:00 ] 127.0.0.1 /Frame/
INFO: [ app_init ] --START--
INFO: Run Behavior\BuildLiteBehavior [ RunTime:0.000011s ]
INFO: [ app_init ] --END-- [ RunTime:0.000351s ]
INFO: [ app_begin ] --START--
INFO: Run Behavior\ReadHtmlCacheBehavior [ RunTime:0.000386s ]
INFO: [ app_begin ] --END-- [ RunTime:0.000420s ]
INFO: [ app_end ] --START--
INFO: Run Behavior\ShowPageTraceBehavior [ RunTime:0.000357s ]
INFO: [ app_end ] --END-- [ RunTime:0.000391s ]

[ 2016-04-07T15:17:24+08:00 ] 127.0.0.1 /Frame/
INFO: [ app_init ] --START--
INFO: Run Behavior\BuildLiteBehavior [ RunTime:0.000011s ]
INFO: [ app_init ] --END-- [ RunTime:0.000356s ]
INFO: [ app_begin ] --START--
INFO: Run Behavior\ReadHtmlCacheBehavior [ RunTime:0.000349s ]
INFO: [ app_begin ] --END-- [ RunTime:0.000381s ]
INFO: [ app_end ] --START--
INFO: Run Behavior\ShowPageTraceBehavior [ RunTime:0.000366s ]
INFO: [ app_end ] --END-- [ RunTime:0.000402s ]

[ 2016-04-07T15:18:02+08:00 ] 127.0.0.1 /Frame/
INFO: [ app_init ] --START--
INFO: Run Behavior\BuildLiteBehavior [ RunTime:0.000011s ]
INFO: [ app_init ] --END-- [ RunTime:0.000325s ]
INFO: [ app_begin ] --START--
INFO: Run Behavior\ReadHtmlCacheBehavior [ RunTime:0.000364s ]
INFO: [ app_begin ] --END-- [ RunTime:0.000401s ]
INFO: [ app_end ] --START--
INFO: Run Behavior\ShowPageTraceBehavior [ RunTime:0.000373s ]
INFO: [ app_end ] --END-- [ RunTime:0.000406s ]

[ 2016-04-07T15:22:26+08:00 ] 127.0.0.1 /Frame/
INFO: [ app_init ] --START--
INFO: Run Behavior\BuildLiteBehavior [ RunTime:0.000009s ]
INFO: [ app_init ] --END-- [ RunTime:0.000460s ]
INFO: [ app_begin ] --START--
INFO: Run Behavior\ReadHtmlCacheBehavior [ RunTime:0.000478s ]
INFO: [ app_begin ] --END-- [ RunTime:0.000511s ]
INFO: [ app_end ] --START--
INFO: Run Behavior\ShowPageTraceBehavior [ RunTime:0.000465s ]
INFO: [ app_end ] --END-- [ RunTime:0.000499s ]

[ 2016-04-07T15:22:33+08:00 ] 127.0.0.1 /Frame/index.php
INFO: [ app_init ] --START--
INFO: Run Behavior\BuildLiteBehavior [ RunTime:0.000009s ]
INFO: [ app_init ] --END-- [ RunTime:0.000380s ]
INFO: [ app_begin ] --START--
INFO: Run Behavior\ReadHtmlCacheBehavior [ RunTime:0.000419s ]
INFO: [ app_begin ] --END-- [ RunTime:0.000450s ]
INFO: [ app_end ] --START--
INFO: Run Behavior\ShowPageTraceBehavior [ RunTime:0.000440s ]
INFO: [ app_end ] --END-- [ RunTime:0.000477s ]

[ 2016-04-07T15:22:41+08:00 ] 127.0.0.1 /Frame/index.php/Home/admin
INFO: [ app_init ] --START--
INFO: Run Behavior\BuildLiteBehavior [ RunTime:0.000009s ]
INFO: [ app_init ] --END-- [ RunTime:0.000428s ]
INFO: [ app_begin ] --START--
INFO: Run Behavior\ReadHtmlCacheBehavior [ RunTime:0.000342s ]
INFO: [ app_begin ] --END-- [ RunTime:0.000373s ]
ERR: 无法加载控制器:Admin

[ 2016-04-07T15:22:45+08:00 ] 127.0.0.1 /Frame/index.php/Home/
INFO: [ app_init ] --START--
INFO: Run Behavior\BuildLiteBehavior [ RunTime:0.000008s ]
INFO: [ app_init ] --END-- [ RunTime:0.000332s ]
INFO: [ app_begin ] --START--
INFO: Run Behavior\ReadHtmlCacheBehavior [ RunTime:0.000431s ]
INFO: [ app_begin ] --END-- [ RunTime:0.000465s ]
INFO: [ app_end ] --START--
INFO: Run Behavior\ShowPageTraceBehavior [ RunTime:0.000431s ]
INFO: [ app_end ] --END-- [ RunTime:0.000464s ]

[ 2016-04-07T15:22:55+08:00 ] 127.0.0.1 /Frame/index.php/Home/Admin
INFO: [ app_init ] --START--
INFO: Run Behavior\BuildLiteBehavior [ RunTime:0.000009s ]
INFO: [ app_init ] --END-- [ RunTime:0.000309s ]
INFO: [ app_begin ] --START--
INFO: Run Behavior\ReadHtmlCacheBehavior [ RunTime:0.000342s ]
INFO: [ app_begin ] --END-- [ RunTime:0.000374s ]
ERR: 无法加载控制器:Admin

[ 2016-04-07T15:23:00+08:00 ] 127.0.0.1 /Frame/index.php/Home/
INFO: [ app_init ] --START--
INFO: Run Behavior\BuildLiteBehavior [ RunTime:0.000011s ]
INFO: [ app_init ] --END-- [ RunTime:0.000353s ]
INFO: [ app_begin ] --START--
INFO: Run Behavior\ReadHtmlCacheBehavior [ RunTime:0.000493s ]
INFO: [ app_begin ] --END-- [ RunTime:0.000536s ]
INFO: [ app_end ] --START--
INFO: Run Behavior\ShowPageTraceBehavior [ RunTime:0.000364s ]
INFO: [ app_end ] --END-- [ RunTime:0.000395s ]

[ 2016-04-07T15:24:12+08:00 ] 127.0.0.1 /Frame/index.php/Home/
INFO: [ app_init ] --START--
INFO: Run Behavior\BuildLiteBehavior [ RunTime:0.000008s ]
INFO: [ app_init ] --END-- [ RunTime:0.000357s ]
INFO: [ app_begin ] --START--
INFO: Run Behavior\ReadHtmlCacheBehavior [ RunTime:0.000363s ]
INFO: [ app_begin ] --END-- [ RunTime:0.000397s ]
INFO: [ app_end ] --START--
INFO: Run Behavior\ShowPageTraceBehavior [ RunTime:0.000440s ]
INFO: [ app_end ] --END-- [ RunTime:0.000476s ]

[ 2016-04-07T15:24:15+08:00 ] 127.0.0.1 /Frame/index.php/Home/index
INFO: [ app_init ] --START--
INFO: Run Behavior\BuildLiteBehavior [ RunTime:0.000009s ]
INFO: [ app_init ] --END-- [ RunTime:0.000368s ]
INFO: [ app_begin ] --START--
INFO: Run Behavior\ReadHtmlCacheBehavior [ RunTime:0.000395s ]
INFO: [ app_begin ] --END-- [ RunTime:0.000425s ]
INFO: [ app_end ] --START--
INFO: Run Behavior\ShowPageTraceBehavior [ RunTime:0.000434s ]
INFO: [ app_end ] --END-- [ RunTime:0.000466s ]

[ 2016-04-07T15:24:19+08:00 ] 127.0.0.1 /Frame/index.php/Home
INFO: [ app_init ] --START--
INFO: Run Behavior\BuildLiteBehavior [ RunTime:0.000008s ]
INFO: [ app_init ] --END-- [ RunTime:0.000367s ]
INFO: [ app_begin ] --START--
INFO: Run Behavior\ReadHtmlCacheBehavior [ RunTime:0.000393s ]
INFO: [ app_begin ] --END-- [ RunTime:0.000425s ]
INFO: [ app_end ] --START--
INFO: Run Behavior\ShowPageTraceBehavior [ RunTime:0.000408s ]
INFO: [ app_end ] --END-- [ RunTime:0.000439s ]

[ 2016-04-07T15:24:21+08:00 ] 127.0.0.1 /Frame/index.php/Home
INFO: [ app_init ] --START--
INFO: Run Behavior\BuildLiteBehavior [ RunTime:0.000009s ]
INFO: [ app_init ] --END-- [ RunTime:0.000374s ]
INFO: [ app_begin ] --START--
INFO: Run Behavior\ReadHtmlCacheBehavior [ RunTime:0.000361s ]
INFO: [ app_begin ] --END-- [ RunTime:0.000399s ]
INFO: [ app_end ] --START--
INFO: Run Behavior\ShowPageTraceBehavior [ RunTime:0.000486s ]
INFO: [ app_end ] --END-- [ RunTime:0.000522s ]

[ 2016-04-07T15:40:35+08:00 ] 127.0.0.1 /Frame/index.php
INFO: [ app_init ] --START--
INFO: Run Behavior\BuildLiteBehavior [ RunTime:0.000008s ]
INFO: [ app_init ] --END-- [ RunTime:0.000402s ]
INFO: [ app_begin ] --START--
INFO: Run Behavior\ReadHtmlCacheBehavior [ RunTime:0.000426s ]
INFO: [ app_begin ] --END-- [ RunTime:0.000455s ]
ERR: 无法加载控制器:Admin

[ 2016-04-07T15:40:36+08:00 ] 127.0.0.1 /Frame/index.php
INFO: [ app_init ] --START--
INFO: Run Behavior\BuildLiteBehavior [ RunTime:0.000009s ]
INFO: [ app_init ] --END-- [ RunTime:0.000361s ]
INFO: [ app_begin ] --START--
INFO: Run Behavior\ReadHtmlCacheBehavior [ RunTime:0.000422s ]
INFO: [ app_begin ] --END-- [ RunTime:0.000452s ]
ERR: 无法加载控制器:Admin

[ 2016-04-07T15:40:52+08:00 ] 127.0.0.1 /Frame/
INFO: [ app_init ] --START--
INFO: Run Behavior\BuildLiteBehavior [ RunTime:0.000010s ]
INFO: [ app_init ] --END-- [ RunTime:0.000320s ]
INFO: [ app_begin ] --START--
INFO: Run Behavior\ReadHtmlCacheBehavior [ RunTime:0.000476s ]
INFO: [ app_begin ] --END-- [ RunTime:0.000511s ]
ERR: 无法加载控制器:Admin

[ 2016-04-07T15:42:38+08:00 ] 127.0.0.1 /Frame/index.php/Home
INFO: [ app_init ] --START--
INFO: Run Behavior\BuildLiteBehavior [ RunTime:0.000010s ]
INFO: [ app_init ] --END-- [ RunTime:0.000405s ]
INFO: [ app_begin ] --START--
INFO: Run Behavior\ReadHtmlCacheBehavior [ RunTime:0.000462s ]
INFO: [ app_begin ] --END-- [ RunTime:0.000495s ]
INFO: [ app_end ] --START--
INFO: Run Behavior\ShowPageTraceBehavior [ RunTime:0.000424s ]
INFO: [ app_end ] --END-- [ RunTime:0.000456s ]

[ 2016-04-07T15:57:20+08:00 ] 127.0.0.1 /Frame/
INFO: [ app_init ] --START--
INFO: Run Behavior\BuildLiteBehavior [ RunTime:0.000009s ]
INFO: [ app_init ] --END-- [ RunTime:0.000364s ]
INFO: [ app_begin ] --START--
INFO: Run Behavior\ReadHtmlCacheBehavior [ RunTime:0.000422s ]
INFO: [ app_begin ] --END-- [ RunTime:0.000454s ]
INFO: [ app_end ] --START--
INFO: Run Behavior\ShowPageTraceBehavior [ RunTime:0.000360s ]
INFO: [ app_end ] --END-- [ RunTime:0.000391s ]

[ 2016-04-07T15:57:21+08:00 ] 127.0.0.1 /Frame/
INFO: [ app_init ] --START--
INFO: Run Behavior\BuildLiteBehavior [ RunTime:0.000008s ]
INFO: [ app_init ] --END-- [ RunTime:0.000387s ]
INFO: [ app_begin ] --START--
INFO: Run Behavior\ReadHtmlCacheBehavior [ RunTime:0.000374s ]
INFO: [ app_begin ] --END-- [ RunTime:0.000450s ]
INFO: [ app_end ] --START--
INFO: Run Behavior\ShowPageTraceBehavior [ RunTime:0.000453s ]
INFO: [ app_end ] --END-- [ RunTime:0.000484s ]

[ 2016-04-07T15:57:21+08:00 ] 127.0.0.1 /Frame/
INFO: [ app_init ] --START--
INFO: Run Behavior\BuildLiteBehavior [ RunTime:0.000008s ]
INFO: [ app_init ] --END-- [ RunTime:0.000370s ]
INFO: [ app_begin ] --START--
INFO: Run Behavior\ReadHtmlCacheBehavior [ RunTime:0.000409s ]
INFO: [ app_begin ] --END-- [ RunTime:0.000441s ]
INFO: [ app_end ] --START--
INFO: Run Behavior\ShowPageTraceBehavior [ RunTime:0.000423s ]
INFO: [ app_end ] --END-- [ RunTime:0.000456s ]

[ 2016-04-07T15:58:14+08:00 ] 127.0.0.1 /Frame/index.php
INFO: [ app_init ] --START--
INFO: Run Behavior\BuildLiteBehavior [ RunTime:0.000010s ]
INFO: [ app_init ] --END-- [ RunTime:0.000359s ]
INFO: [ app_begin ] --START--
INFO: Run Behavior\ReadHtmlCacheBehavior [ RunTime:0.000386s ]
INFO: [ app_begin ] --END-- [ RunTime:0.000424s ]
INFO: [ app_end ] --START--
INFO: Run Behavior\ShowPageTraceBehavior [ RunTime:0.000387s ]
INFO: [ app_end ] --END-- [ RunTime:0.000428s ]

[ 2016-04-07T16:03:40+08:00 ] 127.0.0.1 /Frame/index.php
INFO: [ app_init ] --START--
INFO: Run Behavior\BuildLiteBehavior [ RunTime:0.000009s ]
INFO: [ app_init ] --END-- [ RunTime:0.000366s ]
INFO: [ app_begin ] --START--
INFO: Run Behavior\ReadHtmlCacheBehavior [ RunTime:0.000362s ]
INFO: [ app_begin ] --END-- [ RunTime:0.000393s ]
INFO: [ app_end ] --START--
INFO: Run Behavior\ShowPageTraceBehavior [ RunTime:0.000379s ]
INFO: [ app_end ] --END-- [ RunTime:0.000417s ]

[ 2016-04-07T16:03:46+08:00 ] 127.0.0.1 /Frame/index.php/Home
INFO: [ app_init ] --START--
INFO: Run Behavior\BuildLiteBehavior [ RunTime:0.000008s ]
INFO: [ app_init ] --END-- [ RunTime:0.000331s ]
INFO: [ app_begin ] --START--
INFO: Run Behavior\ReadHtmlCacheBehavior [ RunTime:0.000374s ]
INFO: [ app_begin ] --END-- [ RunTime:0.000404s ]
INFO: [ app_end ] --START--
INFO: Run Behavior\ShowPageTraceBehavior [ RunTime:0.000364s ]
INFO: [ app_end ] --END-- [ RunTime:0.000403s ]

[ 2016-04-07T16:05:23+08:00 ] 127.0.0.1 /Frame/index.php
INFO: [ app_init ] --START--
INFO: Run Behavior\BuildLiteBehavior [ RunTime:0.000008s ]
INFO: [ app_init ] --END-- [ RunTime:0.000412s ]
INFO: [ app_begin ] --START--
INFO: Run Behavior\ReadHtmlCacheBehavior [ RunTime:0.000443s ]
INFO: [ app_begin ] --END-- [ RunTime:0.000474s ]
INFO: [ app_end ] --START--
INFO: Run Behavior\ShowPageTraceBehavior [ RunTime:0.000479s ]
INFO: [ app_end ] --END-- [ RunTime:0.000509s ]

[ 2016-04-07T16:33:20+08:00 ] 127.0.0.1 /Frame/index.php
INFO: [ app_init ] --START--
INFO: Run Behavior\BuildLiteBehavior [ RunTime:0.000031s ]
INFO: [ app_init ] --END-- [ RunTime:0.001514s ]
INFO: [ app_begin ] --START--
INFO: Run Behavior\ReadHtmlCacheBehavior [ RunTime:0.002376s ]
INFO: [ app_begin ] --END-- [ RunTime:0.002546s ]
ERR: 1146:Table 'data.cyuser' doesn't exist
 [ SQL语句 ] : SHOW COLUMNS FROM `cyuser`
ERR: 1146:Table 'data.cyuser' doesn't exist
 [ SQL语句 ] : SHOW COLUMNS FROM `cyuser`

[ 2016-04-07T16:33:22+08:00 ] 127.0.0.1 /Frame/index.php
INFO: [ app_init ] --START--
INFO: Run Behavior\BuildLiteBehavior [ RunTime:0.000032s ]
INFO: [ app_init ] --END-- [ RunTime:0.001278s ]
INFO: [ app_begin ] --START--
INFO: Run Behavior\ReadHtmlCacheBehavior [ RunTime:0.001711s ]
INFO: [ app_begin ] --END-- [ RunTime:0.001894s ]
ERR: 1146:Table 'data.cyuser' doesn't exist
 [ SQL语句 ] : SHOW COLUMNS FROM `cyuser`
ERR: 1146:Table 'data.cyuser' doesn't exist
 [ SQL语句 ] : SHOW COLUMNS FROM `cyuser`

[ 2016-04-07T16:33:40+08:00 ] 127.0.0.1 /Frame/index.php
INFO: [ app_init ] --START--
INFO: Run Behavior\BuildLiteBehavior [ RunTime:0.000029s ]
INFO: [ app_init ] --END-- [ RunTime:0.000675s ]
INFO: [ app_begin ] --START--
INFO: Run Behavior\ReadHtmlCacheBehavior [ RunTime:0.000473s ]
INFO: [ app_begin ] --END-- [ RunTime:0.000521s ]
ERR: 1146:Table 'data.cyuser' doesn't exist
 [ SQL语句 ] : SHOW COLUMNS FROM `cyuser`
ERR: 1146:Table 'data.cyuser' doesn't exist
 [ SQL语句 ] : SHOW COLUMNS FROM `cyuser`

[ 2016-04-07T16:33:47+08:00 ] 127.0.0.1 /Frame/index.php
INFO: [ app_init ] --START--
INFO: Run Behavior\BuildLiteBehavior [ RunTime:0.000011s ]
INFO: [ app_init ] --END-- [ RunTime:0.000433s ]
INFO: [ app_begin ] --START--
INFO: Run Behavior\ReadHtmlCacheBehavior [ RunTime:0.000622s ]
INFO: [ app_begin ] --END-- [ RunTime:0.000683s ]
ERR: 1146:Table 'data.cyuser' doesn't exist
 [ SQL语句 ] : SHOW COLUMNS FROM `cyuser`
ERR: 1146:Table 'data.cyuser' doesn't exist
 [ SQL语句 ] : SHOW COLUMNS FROM `cyuser`

[ 2016-04-07T16:34:46+08:00 ] 127.0.0.1 /Frame/index.php
INFO: [ app_init ] --START--
INFO: Run Behavior\BuildLiteBehavior [ RunTime:0.000022s ]
INFO: [ app_init ] --END-- [ RunTime:0.000842s ]
INFO: [ app_begin ] --START--
INFO: Run Behavior\ReadHtmlCacheBehavior [ RunTime:0.002122s ]
INFO: [ app_begin ] --END-- [ RunTime:0.002239s ]
SQL: SHOW COLUMNS FROM `cy_user` [ RunTime:0.0227s ]
SQL: SELECT * FROM `cy_user`  [ RunTime:0.0009s ]
INFO: [ app_end ] --START--
INFO: Run Behavior\ShowPageTraceBehavior [ RunTime:0.001793s ]
INFO: [ app_end ] --END-- [ RunTime:0.001971s ]

[ 2016-04-07T16:34:59+08:00 ] 127.0.0.1 /Frame/index.php
INFO: [ app_init ] --START--
INFO: Run Behavior\BuildLiteBehavior [ RunTime:0.000016s ]
INFO: [ app_init ] --END-- [ RunTime:0.000512s ]
INFO: [ app_begin ] --START--
INFO: Run Behavior\ReadHtmlCacheBehavior [ RunTime:0.000510s ]
INFO: [ app_begin ] --END-- [ RunTime:0.000568s ]
SQL: SHOW COLUMNS FROM `cy_user` [ RunTime:0.0193s ]
SQL: SELECT * FROM `cy_user`  [ RunTime:0.0008s ]
INFO: [ app_end ] --START--
INFO: Run Behavior\ShowPageTraceBehavior [ RunTime:0.001798s ]
INFO: [ app_end ] --END-- [ RunTime:0.001977s ]

[ 2016-04-07T16:36:47+08:00 ] 127.0.0.1 /Frame/index.php
INFO: [ app_init ] --START--
INFO: Run Behavior\BuildLiteBehavior [ RunTime:0.000020s ]
INFO: [ app_init ] --END-- [ RunTime:0.000971s ]
INFO: [ app_begin ] --START--
INFO: Run Behavior\ReadHtmlCacheBehavior [ RunTime:0.001142s ]
INFO: [ app_begin ] --END-- [ RunTime:0.001243s ]
SQL: SHOW COLUMNS FROM `cy_user` [ RunTime:0.0197s ]
INFO: [ app_end ] --START--
INFO: Run Behavior\ShowPageTraceBehavior [ RunTime:0.001737s ]
INFO: [ app_end ] --END-- [ RunTime:0.001859s ]

[ 2016-04-07T16:37:32+08:00 ] 127.0.0.1 /Frame/index.php
INFO: [ app_init ] --START--
INFO: Run Behavior\BuildLiteBehavior [ RunTime:0.000044s ]
INFO: [ app_init ] --END-- [ RunTime:0.001560s ]
INFO: [ app_begin ] --START--
INFO: Run Behavior\ReadHtmlCacheBehavior [ RunTime:0.001452s ]
INFO: [ app_begin ] --END-- [ RunTime:0.001591s ]
SQL: SHOW COLUMNS FROM `cy_user` [ RunTime:0.0191s ]
SQL: SELECT * FROM `cy_user`  [ RunTime:0.0008s ]
INFO: [ app_end ] --START--
INFO: Run Behavior\ShowPageTraceBehavior [ RunTime:0.001658s ]
INFO: [ app_end ] --END-- [ RunTime:0.001809s ]

[ 2016-04-07T16:42:06+08:00 ] 127.0.0.1 /Frame/index.php
INFO: [ app_init ] --START--
INFO: Run Behavior\BuildLiteBehavior [ RunTime:0.000021s ]
INFO: [ app_init ] --END-- [ RunTime:0.001014s ]
INFO: [ app_begin ] --START--
INFO: Run Behavior\ReadHtmlCacheBehavior [ RunTime:0.001043s ]
INFO: [ app_begin ] --END-- [ RunTime:0.001130s ]
SQL: SHOW COLUMNS FROM `cy_user` [ RunTime:0.0207s ]
SQL: SELECT * FROM `cy_user` WHERE ( id=1234567 )  [ RunTime:0.0784s ]
INFO: [ app_end ] --START--
INFO: Run Behavior\ShowPageTraceBehavior [ RunTime:0.001814s ]
INFO: [ app_end ] --END-- [ RunTime:0.001987s ]

[ 2016-04-07T16:42:26+08:00 ] 127.0.0.1 /Frame/index.php
INFO: [ app_init ] --START--
INFO: Run Behavior\BuildLiteBehavior [ RunTime:0.000022s ]
INFO: [ app_init ] --END-- [ RunTime:0.000903s ]
INFO: [ app_begin ] --START--
INFO: Run Behavior\ReadHtmlCacheBehavior [ RunTime:0.001032s ]
INFO: [ app_begin ] --END-- [ RunTime:0.001118s ]
SQL: SHOW COLUMNS FROM `cy_user` [ RunTime:0.0204s ]
SQL: SELECT * FROM `cy_user` WHERE ( id=1 )  [ RunTime:0.0008s ]
INFO: [ app_end ] --START--
INFO: Run Behavior\ShowPageTraceBehavior [ RunTime:0.001627s ]
INFO: [ app_end ] --END-- [ RunTime:0.001779s ]

[ 2016-04-07T16:42:45+08:00 ] 127.0.0.1 /Frame/index.php
INFO: [ app_init ] --START--
INFO: Run Behavior\BuildLiteBehavior [ RunTime:0.000033s ]
INFO: [ app_init ] --END-- [ RunTime:0.001252s ]
INFO: [ app_begin ] --START--
INFO: Run Behavior\ReadHtmlCacheBehavior [ RunTime:0.001477s ]
INFO: [ app_begin ] --END-- [ RunTime:0.001604s ]
SQL: SHOW COLUMNS FROM `cy_user` [ RunTime:0.0196s ]
SQL: SELECT * FROM `cy_user` WHERE `id` = 1  [ RunTime:0.0008s ]
INFO: [ app_end ] --START--
INFO: Run Behavior\ShowPageTraceBehavior [ RunTime:0.001588s ]
INFO: [ app_end ] --END-- [ RunTime:0.001716s ]

[ 2016-04-07T16:42:47+08:00 ] 127.0.0.1 /Frame/index.php
INFO: [ app_init ] --START--
INFO: Run Behavior\BuildLiteBehavior [ RunTime:0.000031s ]
INFO: [ app_init ] --END-- [ RunTime:0.001488s ]
INFO: [ app_begin ] --START--
INFO: Run Behavior\ReadHtmlCacheBehavior [ RunTime:0.001462s ]
INFO: [ app_begin ] --END-- [ RunTime:0.001591s ]
SQL: SHOW COLUMNS FROM `cy_user` [ RunTime:0.0205s ]
SQL: SELECT * FROM `cy_user` WHERE `id` = 1  [ RunTime:0.0009s ]
INFO: [ app_end ] --START--
INFO: Run Behavior\ShowPageTraceBehavior [ RunTime:0.001946s ]
INFO: [ app_end ] --END-- [ RunTime:0.002122s ]

[ 2016-04-07T16:44:41+08:00 ] 127.0.0.1 /Frame/index.php
INFO: [ app_init ] --START--
INFO: Run Behavior\BuildLiteBehavior [ RunTime:0.000031s ]
INFO: [ app_init ] --END-- [ RunTime:0.001394s ]
INFO: [ app_begin ] --START--
INFO: Run Behavior\ReadHtmlCacheBehavior [ RunTime:0.001509s ]
INFO: [ app_begin ] --END-- [ RunTime:0.001646s ]
SQL: SHOW COLUMNS FROM `cy_user` [ RunTime:0.0216s ]
SQL: SELECT * FROM `cy_user` WHERE `id` = 1  [ RunTime:0.0009s ]
INFO: [ app_end ] --START--
INFO: Run Behavior\ShowPageTraceBehavior [ RunTime:0.002876s ]
INFO: [ app_end ] --END-- [ RunTime:0.003045s ]

[ 2016-04-07T16:45:39+08:00 ] 127.0.0.1 /Frame/index.php
INFO: [ app_init ] --START--
INFO: Run Behavior\BuildLiteBehavior [ RunTime:0.000032s ]
INFO: [ app_init ] --END-- [ RunTime:0.001255s ]
INFO: [ app_begin ] --START--
INFO: Run Behavior\ReadHtmlCacheBehavior [ RunTime:0.001548s ]
INFO: [ app_begin ] --END-- [ RunTime:0.001698s ]
SQL: SHOW COLUMNS FROM `cy_user` [ RunTime:0.0187s ]
SQL: SELECT * FROM `cy_user` WHERE `id` = 1 AND `passwd` = '1234567'  [ RunTime:0.0010s ]
INFO: [ app_end ] --START--
INFO: Run Behavior\ShowPageTraceBehavior [ RunTime:0.002007s ]
INFO: [ app_end ] --END-- [ RunTime:0.002215s ]

[ 2016-04-07T16:45:58+08:00 ] 127.0.0.1 /Frame/index.php
INFO: [ app_init ] --START--
INFO: Run Behavior\BuildLiteBehavior [ RunTime:0.000020s ]
INFO: [ app_init ] --END-- [ RunTime:0.000894s ]
INFO: [ app_begin ] --START--
INFO: Run Behavior\ReadHtmlCacheBehavior [ RunTime:0.000945s ]
INFO: [ app_begin ] --END-- [ RunTime:0.001025s ]
SQL: SHOW COLUMNS FROM `cy_user` [ RunTime:0.0194s ]
SQL: SELECT * FROM `cy_user` WHERE `id` = 1 AND `passwd` = '8765432'  [ RunTime:0.0009s ]
INFO: [ app_end ] --START--
INFO: Run Behavior\ShowPageTraceBehavior [ RunTime:0.001575s ]
INFO: [ app_end ] --END-- [ RunTime:0.001696s ]

[ 2016-04-07T16:46:00+08:00 ] 127.0.0.1 /Frame/index.php
INFO: [ app_init ] --START--
INFO: Run Behavior\BuildLiteBehavior [ RunTime:0.000032s ]
INFO: [ app_init ] --END-- [ RunTime:0.001379s ]
INFO: [ app_begin ] --START--
INFO: Run Behavior\ReadHtmlCacheBehavior [ RunTime:0.001460s ]
INFO: [ app_begin ] --END-- [ RunTime:0.001615s ]
SQL: SHOW COLUMNS FROM `cy_user` [ RunTime:0.0122s ]
SQL: SELECT * FROM `cy_user` WHERE `id` = 1 AND `passwd` = '8765432'  [ RunTime:0.0008s ]
INFO: [ app_end ] --START--
INFO: Run Behavior\ShowPageTraceBehavior [ RunTime:0.001531s ]
INFO: [ app_end ] --END-- [ RunTime:0.001651s ]

[ 2016-04-07T16:46:01+08:00 ] 127.0.0.1 /Frame/index.php
INFO: [ app_init ] --START--
INFO: Run Behavior\BuildLiteBehavior [ RunTime:0.000021s ]
INFO: [ app_init ] --END-- [ RunTime:0.000923s ]
INFO: [ app_begin ] --START--
INFO: Run Behavior\ReadHtmlCacheBehavior [ RunTime:0.000983s ]
INFO: [ app_begin ] --END-- [ RunTime:0.001089s ]
SQL: SHOW COLUMNS FROM `cy_user` [ RunTime:0.0122s ]
SQL: SELECT * FROM `cy_user` WHERE `id` = 1 AND `passwd` = '8765432'  [ RunTime:0.0008s ]
INFO: [ app_end ] --START--
INFO: Run Behavior\ShowPageTraceBehavior [ RunTime:0.001816s ]
INFO: [ app_end ] --END-- [ RunTime:0.001946s ]

[ 2016-04-07T16:46:02+08:00 ] 127.0.0.1 /Frame/index.php
INFO: [ app_init ] --START--
INFO: Run Behavior\BuildLiteBehavior [ RunTime:0.000060s ]
INFO: [ app_init ] --END-- [ RunTime:0.002019s ]
INFO: [ app_begin ] --START--
INFO: Run Behavior\ReadHtmlCacheBehavior [ RunTime:0.001908s ]
INFO: [ app_begin ] --END-- [ RunTime:0.002108s ]
SQL: SHOW COLUMNS FROM `cy_user` [ RunTime:0.0208s ]
SQL: SELECT * FROM `cy_user` WHERE `id` = 1 AND `passwd` = '8765432'  [ RunTime:0.0008s ]
INFO: [ app_end ] --START--
INFO: Run Behavior\ShowPageTraceBehavior [ RunTime:0.001716s ]
INFO: [ app_end ] --END-- [ RunTime:0.001840s ]

[ 2016-04-07T16:46:04+08:00 ] 127.0.0.1 /Frame/index.php
INFO: [ app_init ] --START--
INFO: Run Behavior\BuildLiteBehavior [ RunTime:0.000050s ]
INFO: [ app_init ] --END-- [ RunTime:0.001570s ]
INFO: [ app_begin ] --START--
INFO: Run Behavior\ReadHtmlCacheBehavior [ RunTime:0.001691s ]
INFO: [ app_begin ] --END-- [ RunTime:0.001838s ]
SQL: SHOW COLUMNS FROM `cy_user` [ RunTime:0.0112s ]
SQL: SELECT * FROM `cy_user` WHERE `id` = 1 AND `passwd` = '8765432'  [ RunTime:0.0003s ]
INFO: [ app_end ] --START--
INFO: Run Behavior\ShowPageTraceBehavior [ RunTime:0.000627s ]
INFO: [ app_end ] --END-- [ RunTime:0.000665s ]

[ 2016-04-07T16:46:05+08:00 ] 127.0.0.1 /Frame/index.php
INFO: [ app_init ] --START--
INFO: Run Behavior\BuildLiteBehavior [ RunTime:0.000045s ]
INFO: [ app_init ] --END-- [ RunTime:0.001619s ]
INFO: [ app_begin ] --START--
INFO: Run Behavior\ReadHtmlCacheBehavior [ RunTime:0.002556s ]
INFO: [ app_begin ] --END-- [ RunTime:0.002753s ]
SQL: SHOW COLUMNS FROM `cy_user` [ RunTime:0.0229s ]
SQL: SELECT * FROM `cy_user` WHERE `id` = 1 AND `passwd` = '8765432'  [ RunTime:0.0009s ]
INFO: [ app_end ] --START--
INFO: Run Behavior\ShowPageTraceBehavior [ RunTime:0.001930s ]
INFO: [ app_end ] --END-- [ RunTime:0.002060s ]

[ 2016-04-07T16:46:36+08:00 ] 127.0.0.1 /Frame/index.php
INFO: [ app_init ] --START--
INFO: Run Behavior\BuildLiteBehavior [ RunTime:0.000032s ]
INFO: [ app_init ] --END-- [ RunTime:0.001220s ]
INFO: [ app_begin ] --START--
INFO: Run Behavior\ReadHtmlCacheBehavior [ RunTime:0.001529s ]
INFO: [ app_begin ] --END-- [ RunTime:0.001657s ]
SQL: SHOW COLUMNS FROM `cy_user` [ RunTime:0.0197s ]
SQL: SELECT * FROM `cy_user` WHERE `id` = 1 OR `passwd` = '8765432'  [ RunTime:0.0010s ]
INFO: [ app_end ] --START--
INFO: Run Behavior\ShowPageTraceBehavior [ RunTime:0.001790s ]
INFO: [ app_end ] --END-- [ RunTime:0.001919s ]

[ 2016-04-07T16:46:54+08:00 ] 127.0.0.1 /Frame/index.php
INFO: [ app_init ] --START--
INFO: Run Behavior\BuildLiteBehavior [ RunTime:0.000029s ]
INFO: [ app_init ] --END-- [ RunTime:0.001110s ]
INFO: [ app_begin ] --START--
INFO: Run Behavior\ReadHtmlCacheBehavior [ RunTime:0.001362s ]
INFO: [ app_begin ] --END-- [ RunTime:0.001486s ]
SQL: SHOW COLUMNS FROM `cy_user` [ RunTime:0.0191s ]
SQL: SELECT * FROM `cy_user` WHERE `id` = 1 AND `passwd` = '1234567'  [ RunTime:0.0009s ]
INFO: [ app_end ] --START--
INFO: Run Behavior\ShowPageTraceBehavior [ RunTime:0.001943s ]
INFO: [ app_end ] --END-- [ RunTime:0.002117s ]

[ 2016-04-07T16:48:44+08:00 ] 127.0.0.1 /Frame/index.php/Home/model/id/1
INFO: [ app_init ] --START--
INFO: Run Behavior\BuildLiteBehavior [ RunTime:0.000010s ]
INFO: [ app_init ] --END-- [ RunTime:0.000420s ]
INFO: [ app_begin ] --START--
INFO: Run Behavior\ReadHtmlCacheBehavior [ RunTime:0.000406s ]
INFO: [ app_begin ] --END-- [ RunTime:0.000442s ]
ERR: 无法加载控制器:Model

[ 2016-04-07T16:48:52+08:00 ] 127.0.0.1 /Frame/index.php/Home/
INFO: [ app_init ] --START--
INFO: Run Behavior\BuildLiteBehavior [ RunTime:0.000011s ]
INFO: [ app_init ] --END-- [ RunTime:0.000510s ]
INFO: [ app_begin ] --START--
INFO: Run Behavior\ReadHtmlCacheBehavior [ RunTime:0.000503s ]
INFO: [ app_begin ] --END-- [ RunTime:0.000541s ]
INFO: [ app_end ] --START--
INFO: Run Behavior\ShowPageTraceBehavior [ RunTime:0.000480s ]
INFO: [ app_end ] --END-- [ RunTime:0.000519s ]

[ 2016-04-07T16:48:58+08:00 ] 127.0.0.1 /Frame/index.php/Home/model
INFO: [ app_init ] --START--
INFO: Run Behavior\BuildLiteBehavior [ RunTime:0.000011s ]
INFO: [ app_init ] --END-- [ RunTime:0.000438s ]
INFO: [ app_begin ] --START--
INFO: Run Behavior\ReadHtmlCacheBehavior [ RunTime:0.000472s ]
INFO: [ app_begin ] --END-- [ RunTime:0.000511s ]
ERR: 无法加载控制器:Model

[ 2016-04-07T16:49:55+08:00 ] 127.0.0.1 /Frame/index.php/Home/model
INFO: [ app_init ] --START--
INFO: Run Behavior\BuildLiteBehavior [ RunTime:0.000010s ]
INFO: [ app_init ] --END-- [ RunTime:0.000448s ]
INFO: [ app_begin ] --START--
INFO: Run Behavior\ReadHtmlCacheBehavior [ RunTime:0.000634s ]
INFO: [ app_begin ] --END-- [ RunTime:0.000695s ]
ERR: 无法加载控制器:Model

[ 2016-04-07T16:49:56+08:00 ] 127.0.0.1 /Frame/index.php/Home/
INFO: [ app_init ] --START--
INFO: Run Behavior\BuildLiteBehavior [ RunTime:0.000013s ]
INFO: [ app_init ] --END-- [ RunTime:0.000513s ]
INFO: [ app_begin ] --START--
INFO: Run Behavior\ReadHtmlCacheBehavior [ RunTime:0.000485s ]
INFO: [ app_begin ] --END-- [ RunTime:0.000523s ]
INFO: [ app_end ] --START--
INFO: Run Behavior\ShowPageTraceBehavior [ RunTime:0.000530s ]
INFO: [ app_end ] --END-- [ RunTime:0.000567s ]

[ 2016-04-07T16:50:02+08:00 ] 127.0.0.1 /Frame/index.php/Home/
INFO: [ app_init ] --START--
INFO: Run Behavior\BuildLiteBehavior [ RunTime:0.000010s ]
INFO: [ app_init ] --END-- [ RunTime:0.000408s ]
INFO: [ app_begin ] --START--
INFO: Run Behavior\ReadHtmlCacheBehavior [ RunTime:0.000455s ]
INFO: [ app_begin ] --END-- [ RunTime:0.000492s ]
INFO: [ app_end ] --START--
INFO: Run Behavior\ShowPageTraceBehavior [ RunTime:0.000470s ]
INFO: [ app_end ] --END-- [ RunTime:0.000508s ]

[ 2016-04-07T16:50:07+08:00 ] 127.0.0.1 /Frame/index.php/Home/index
INFO: [ app_init ] --START--
INFO: Run Behavior\BuildLiteBehavior [ RunTime:0.000011s ]
INFO: [ app_init ] --END-- [ RunTime:0.000434s ]
INFO: [ app_begin ] --START--
INFO: Run Behavior\ReadHtmlCacheBehavior [ RunTime:0.000409s ]
INFO: [ app_begin ] --END-- [ RunTime:0.000454s ]
INFO: [ app_end ] --START--
INFO: Run Behavior\ShowPageTraceBehavior [ RunTime:0.000480s ]
INFO: [ app_end ] --END-- [ RunTime:0.000519s ]

[ 2016-04-07T16:50:22+08:00 ] 127.0.0.1 /Frame/index.php/Home/model/id/1
INFO: [ app_init ] --START--
INFO: Run Behavior\BuildLiteBehavior [ RunTime:0.000009s ]
INFO: [ app_init ] --END-- [ RunTime:0.000424s ]
INFO: [ app_begin ] --START--
INFO: Run Behavior\ReadHtmlCacheBehavior [ RunTime:0.000446s ]
INFO: [ app_begin ] --END-- [ RunTime:0.000482s ]
ERR: 无法加载控制器:Model

[ 2016-04-07T16:50:30+08:00 ] 127.0.0.1 /Frame/index.php/Home/model/
INFO: [ app_init ] --START--
INFO: Run Behavior\BuildLiteBehavior [ RunTime:0.000011s ]
INFO: [ app_init ] --END-- [ RunTime:0.000453s ]
INFO: [ app_begin ] --START--
INFO: Run Behavior\ReadHtmlCacheBehavior [ RunTime:0.000494s ]
INFO: [ app_begin ] --END-- [ RunTime:0.000532s ]
ERR: 无法加载控制器:Model

[ 2016-04-07T16:50:52+08:00 ] 127.0.0.1 /Frame/index.php/Home/model/
INFO: [ app_init ] --START--
INFO: Run Behavior\BuildLiteBehavior [ RunTime:0.000011s ]
INFO: [ app_init ] --END-- [ RunTime:0.000359s ]
INFO: [ app_begin ] --START--
INFO: Run Behavior\ReadHtmlCacheBehavior [ RunTime:0.000477s ]
INFO: [ app_begin ] --END-- [ RunTime:0.000514s ]
ERR: 无法加载控制器:Model

[ 2016-04-07T16:50:56+08:00 ] 127.0.0.1 /Frame/index.php/Home/index
INFO: [ app_init ] --START--
INFO: Run Behavior\BuildLiteBehavior [ RunTime:0.000012s ]
INFO: [ app_init ] --END-- [ RunTime:0.000588s ]
INFO: [ app_begin ] --START--
INFO: Run Behavior\ReadHtmlCacheBehavior [ RunTime:0.000485s ]
INFO: [ app_begin ] --END-- [ RunTime:0.000522s ]
INFO: [ app_end ] --START--
INFO: Run Behavior\ShowPageTraceBehavior [ RunTime:0.000504s ]
INFO: [ app_end ] --END-- [ RunTime:0.000541s ]

[ 2016-04-07T16:51:15+08:00 ] 127.0.0.1 /Frame/index.php/Home/index
INFO: [ app_init ] --START--
INFO: Run Behavior\BuildLiteBehavior [ RunTime:0.000019s ]
INFO: [ app_init ] --END-- [ RunTime:0.000460s ]
INFO: [ app_begin ] --START--
INFO: Run Behavior\ReadHtmlCacheBehavior [ RunTime:0.000522s ]
INFO: [ app_begin ] --END-- [ RunTime:0.000564s ]
INFO: [ app_end ] --START--
INFO: Run Behavior\ShowPageTraceBehavior [ RunTime:0.000532s ]
INFO: [ app_end ] --END-- [ RunTime:0.000571s ]

[ 2016-04-07T16:51:16+08:00 ] 127.0.0.1 /Frame/index.php/Home/index
INFO: [ app_init ] --START--
INFO: Run Behavior\BuildLiteBehavior [ RunTime:0.000010s ]
INFO: [ app_init ] --END-- [ RunTime:0.000422s ]
INFO: [ app_begin ] --START--
INFO: Run Behavior\ReadHtmlCacheBehavior [ RunTime:0.000428s ]
INFO: [ app_begin ] --END-- [ RunTime:0.000464s ]
INFO: [ app_end ] --START--
INFO: Run Behavior\ShowPageTraceBehavior [ RunTime:0.000471s ]
INFO: [ app_end ] --END-- [ RunTime:0.000511s ]

[ 2016-04-07T16:51:21+08:00 ] 127.0.0.1 /Frame/index.php/Home/model
INFO: [ app_init ] --START--
INFO: Run Behavior\BuildLiteBehavior [ RunTime:0.000010s ]
INFO: [ app_init ] --END-- [ RunTime:0.000383s ]
INFO: [ app_begin ] --START--
INFO: Run Behavior\ReadHtmlCacheBehavior [ RunTime:0.000450s ]
INFO: [ app_begin ] --END-- [ RunTime:0.000487s ]
ERR: 无法加载控制器:Model

[ 2016-04-07T16:53:21+08:00 ] 127.0.0.1 /Frame/index.php/Home
INFO: [ app_init ] --START--
INFO: Run Behavior\BuildLiteBehavior [ RunTime:0.000034s ]
INFO: [ app_init ] --END-- [ RunTime:0.001557s ]
INFO: [ app_begin ] --START--
INFO: Run Behavior\ReadHtmlCacheBehavior [ RunTime:0.001568s ]
INFO: [ app_begin ] --END-- [ RunTime:0.001711s ]
INFO: [ app_end ] --START--
INFO: Run Behavior\ShowPageTraceBehavior [ RunTime:0.001600s ]
INFO: [ app_end ] --END-- [ RunTime:0.001756s ]

[ 2016-04-07T16:58:21+08:00 ] 127.0.0.1 /Frame/index.php/Home/index/model/id/1
INFO: [ app_init ] --START--
INFO: Run Behavior\BuildLiteBehavior [ RunTime:0.000010s ]
INFO: [ app_init ] --END-- [ RunTime:0.000421s ]
INFO: [ app_begin ] --START--
INFO: Run Behavior\ReadHtmlCacheBehavior [ RunTime:0.000462s ]
INFO: [ app_begin ] --END-- [ RunTime:0.000499s ]
SQL: SHOW COLUMNS FROM `cy_user` [ RunTime:0.0216s ]
SQL: SELECT * FROM `cy_user` WHERE `id` = '1'  [ RunTime:0.0165s ]
INFO: [ app_end ] --START--
INFO: Run Behavior\ShowPageTraceBehavior [ RunTime:0.001463s ]
INFO: [ app_end ] --END-- [ RunTime:0.001687s ]

[ 2016-04-07T16:59:38+08:00 ] 127.0.0.1 /Frame/index.php/Home/index/model/id/1
INFO: [ app_init ] --START--
INFO: Run Behavior\BuildLiteBehavior [ RunTime:0.000011s ]
INFO: [ app_init ] --END-- [ RunTime:0.000465s ]
INFO: [ app_begin ] --START--
INFO: Run Behavior\ReadHtmlCacheBehavior [ RunTime:0.000536s ]
INFO: [ app_begin ] --END-- [ RunTime:0.000573s ]
SQL: SHOW COLUMNS FROM `cy_user` [ RunTime:0.0210s ]
SQL: SELECT * FROM `cy_user` WHERE `id` = '1'  [ RunTime:0.0010s ]
INFO: [ app_end ] --START--
INFO: Run Behavior\ShowPageTraceBehavior [ RunTime:0.002103s ]
INFO: [ app_end ] --END-- [ RunTime:0.002271s ]

[ 2016-04-07T17:04:10+08:00 ] 127.0.0.1 /Frame/index.php/Home/index/model/id/1
INFO: [ app_init ] --START--
INFO: Run Behavior\BuildLiteBehavior [ RunTime:0.000011s ]
INFO: [ app_init ] --END-- [ RunTime:0.000477s ]
INFO: [ app_begin ] --START--
INFO: Run Behavior\ReadHtmlCacheBehavior [ RunTime:0.000516s ]
INFO: [ app_begin ] --END-- [ RunTime:0.000555s ]
SQL: SHOW COLUMNS FROM `cy_user` [ RunTime:0.0211s ]
SQL: SELECT * FROM `cy_user` WHERE `id` = '1'  [ RunTime:0.0009s ]
INFO: [ app_end ] --START--
INFO: Run Behavior\ShowPageTraceBehavior [ RunTime:0.001748s ]
INFO: [ app_end ] --END-- [ RunTime:0.001872s ]

[ 2016-04-07T17:04:16+08:00 ] 127.0.0.1 /Frame/index.php/Home/index/
INFO: [ app_init ] --START--
INFO: Run Behavior\BuildLiteBehavior [ RunTime:0.000011s ]
INFO: [ app_init ] --END-- [ RunTime:0.000435s ]
INFO: [ app_begin ] --START--
INFO: Run Behavior\ReadHtmlCacheBehavior [ RunTime:0.000489s ]
INFO: [ app_begin ] --END-- [ RunTime:0.000527s ]
INFO: [ app_end ] --START--
INFO: Run Behavior\ShowPageTraceBehavior [ RunTime:0.000453s ]
INFO: [ app_end ] --END-- [ RunTime:0.000499s ]

[ 2016-04-07T17:06:37+08:00 ] 127.0.0.1 /Frame/index.php/Home/index/
INFO: [ app_init ] --START--
INFO: Run Behavior\BuildLiteBehavior [ RunTime:0.000034s ]
INFO: [ app_init ] --END-- [ RunTime:0.001485s ]
INFO: [ app_begin ] --START--
INFO: Run Behavior\ReadHtmlCacheBehavior [ RunTime:0.001748s ]
INFO: [ app_begin ] --END-- [ RunTime:0.001919s ]
INFO: [ app_end ] --START--
INFO: Run Behavior\ShowPageTraceBehavior [ RunTime:0.002105s ]
INFO: [ app_end ] --END-- [ RunTime:0.002329s ]

[ 2016-04-07T17:06:50+08:00 ] 127.0.0.1 /Frame/index.php/Home/index/test/id/1
INFO: [ app_init ] --START--
INFO: Run Behavior\BuildLiteBehavior [ RunTime:0.000014s ]
INFO: [ app_init ] --END-- [ RunTime:0.000390s ]
INFO: [ app_begin ] --START--
INFO: Run Behavior\ReadHtmlCacheBehavior [ RunTime:0.000413s ]
INFO: [ app_begin ] --END-- [ RunTime:0.000451s ]
ERR: 非法操作:test

[ 2016-04-07T17:07:12+08:00 ] 127.0.0.1 /Frame/index.php/Home/index/model/id/1
INFO: [ app_init ] --START--
INFO: Run Behavior\BuildLiteBehavior [ RunTime:0.000012s ]
INFO: [ app_init ] --END-- [ RunTime:0.000484s ]
INFO: [ app_begin ] --START--
INFO: Run Behavior\ReadHtmlCacheBehavior [ RunTime:0.000416s ]
INFO: [ app_begin ] --END-- [ RunTime:0.000455s ]
SQL: SHOW COLUMNS FROM `cy_user` [ RunTime:0.0219s ]
SQL: SELECT * FROM `cy_user` WHERE `id` = '1'  [ RunTime:0.0008s ]
INFO: [ app_end ] --START--
INFO: Run Behavior\ShowPageTraceBehavior [ RunTime:0.001600s ]
INFO: [ app_end ] --END-- [ RunTime:0.001731s ]

[ 2016-04-07T18:31:46+08:00 ] 127.0.0.1 /Frame/Home/index/
ERR: 模板不存在:./Application/Home/View/Index/index.html

[ 2016-04-07T18:32:03+08:00 ] 127.0.0.1 /Frame/Home/index/
ERR: 模板不存在:./Application/Home/View/Index/index.html

[ 2016-04-07T18:32:04+08:00 ] 127.0.0.1 /Frame/Home/index/
ERR: 模板不存在:./Application/Home/View/Index/index.html

[ 2016-04-07T18:32:45+08:00 ] 127.0.0.1 /Frame/Home/index/
ERR: 模板不存在:./Application/Home/View/./View/index.html.html

[ 2016-04-07T18:32:46+08:00 ] 127.0.0.1 /Frame/Home/index/
ERR: 模板不存在:./Application/Home/View/./View/index.html.html

[ 2016-04-07T18:32:46+08:00 ] 127.0.0.1 /Frame/Home/index/
ERR: 模板不存在:./Application/Home/View/./View/index.html.html

[ 2016-04-07T18:32:46+08:00 ] 127.0.0.1 /Frame/Home/index/
ERR: 模板不存在:./Application/Home/View/./View/index.html.html

[ 2016-04-07T18:32:46+08:00 ] 127.0.0.1 /Frame/Home/index/
ERR: 模板不存在:./Application/Home/View/./View/index.html.html

[ 2016-04-07T18:32:47+08:00 ] 127.0.0.1 /Frame/Home/index/
ERR: 模板不存在:./Application/Home/View/./View/index.html.html

[ 2016-04-07T18:32:47+08:00 ] 127.0.0.1 /Frame/Home/index/
ERR: 模板不存在:./Application/Home/View/./View/index.html.html

[ 2016-04-07T18:32:47+08:00 ] 127.0.0.1 /Frame/Home/index/
ERR: 模板不存在:./Application/Home/View/./View/index.html.html

[ 2016-04-07T18:32:47+08:00 ] 127.0.0.1 /Frame/Home/index/
ERR: 模板不存在:./Application/Home/View/./View/index.html.html

[ 2016-04-07T18:33:00+08:00 ] 127.0.0.1 /Frame/Home/index/
ERR: 模板不存在:./Application/Home/View//index.html.html

[ 2016-04-07T18:33:00+08:00 ] 127.0.0.1 /Frame/Home/index/
ERR: 模板不存在:./Application/Home/View//index.html.html

[ 2016-04-07T18:33:01+08:00 ] 127.0.0.1 /Frame/Home/index/
ERR: 模板不存在:./Application/Home/View//index.html.html

[ 2016-04-07T18:33:01+08:00 ] 127.0.0.1 /Frame/Home/index/
ERR: 模板不存在:./Application/Home/View//index.html.html

[ 2016-04-07T18:33:01+08:00 ] 127.0.0.1 /Frame/Home/index/
ERR: 模板不存在:./Application/Home/View//index.html.html

[ 2016-04-07T18:33:01+08:00 ] 127.0.0.1 /Frame/Home/index/
ERR: 模板不存在:./Application/Home/View//index.html.html

[ 2016-04-07T18:33:07+08:00 ] 127.0.0.1 /Frame/Home/index/
ERR: 模板不存在:./Application/Home/View/Index/index.html.html

[ 2016-04-07T18:33:08+08:00 ] 127.0.0.1 /Frame/Home/index/
ERR: 模板不存在:./Application/Home/View/Index/index.html.html

[ 2016-04-07T18:33:08+08:00 ] 127.0.0.1 /Frame/Home/index/
ERR: 模板不存在:./Application/Home/View/Index/index.html.html

[ 2016-04-07T18:33:08+08:00 ] 127.0.0.1 /Frame/Home/index/
ERR: 模板不存在:./Application/Home/View/Index/index.html.html

[ 2016-04-07T18:33:08+08:00 ] 127.0.0.1 /Frame/Home/index/
ERR: 模板不存在:./Application/Home/View/Index/index.html.html

[ 2016-04-07T18:33:42+08:00 ] 127.0.0.1 /Frame/Home/index/
ERR: 模板不存在:./Application/Home/View//Home/View/index.html.html

[ 2016-04-07T18:33:43+08:00 ] 127.0.0.1 /Frame/Home/index/
ERR: 模板不存在:./Application/Home/View//Home/View/index.html.html

[ 2016-04-07T18:33:43+08:00 ] 127.0.0.1 /Frame/Home/index/
ERR: 模板不存在:./Application/Home/View//Home/View/index.html.html

[ 2016-04-07T18:33:43+08:00 ] 127.0.0.1 /Frame/Home/index/
ERR: 模板不存在:./Application/Home/View//Home/View/index.html.html

[ 2016-04-07T18:33:43+08:00 ] 127.0.0.1 /Frame/Home/index/
ERR: 模板不存在:./Application/Home/View//Home/View/index.html.html

[ 2016-04-07T18:33:50+08:00 ] 127.0.0.1 /Frame/Home/index/
ERR: 模板不存在:./Application/Home/View/Index/utf-8.html

[ 2016-04-07T18:33:51+08:00 ] 127.0.0.1 /Frame/Home/index/
ERR: 模板不存在:./Application/Home/View/Index/utf-8.html

[ 2016-04-07T18:33:51+08:00 ] 127.0.0.1 /Frame/Home/index/
ERR: 模板不存在:./Application/Home/View/Index/utf-8.html

[ 2016-04-07T18:33:51+08:00 ] 127.0.0.1 /Frame/Home/index/
ERR: 模板不存在:./Application/Home/View/Index/utf-8.html

[ 2016-04-07T18:33:51+08:00 ] 127.0.0.1 /Frame/Home/index/
ERR: 模板不存在:./Application/Home/View/Index/utf-8.html

[ 2016-04-07T18:33:52+08:00 ] 127.0.0.1 /Frame/Home/index/
ERR: 模板不存在:./Application/Home/View/Index/utf-8.html

[ 2016-04-07T18:33:52+08:00 ] 127.0.0.1 /Frame/Home/index/
ERR: 模板不存在:./Application/Home/View/Index/utf-8.html

[ 2016-04-07T18:33:52+08:00 ] 127.0.0.1 /Frame/Home/index/
ERR: 模板不存在:./Application/Home/View/Index/utf-8.html

[ 2016-04-07T18:33:52+08:00 ] 127.0.0.1 /Frame/Home/index/
ERR: 模板不存在:./Application/Home/View/Index/utf-8.html

[ 2016-04-07T18:33:52+08:00 ] 127.0.0.1 /Frame/Home/index/
ERR: 模板不存在:./Application/Home/View/Index/utf-8.html

[ 2016-04-07T18:33:52+08:00 ] 127.0.0.1 /Frame/Home/index/
ERR: 模板不存在:./Application/Home/View/Index/utf-8.html

[ 2016-04-07T18:33:53+08:00 ] 127.0.0.1 /Frame/Home/index/
ERR: 模板不存在:./Application/Home/View/Index/utf-8.html

[ 2016-04-07T18:34:02+08:00 ] 127.0.0.1 /Frame/Home/index/
ERR: 模板不存在:./Application/Home/View/Index/index.html

[ 2016-04-07T18:34:02+08:00 ] 127.0.0.1 /Frame/Home/index/
ERR: 模板不存在:./Application/Home/View/Index/index.html

[ 2016-04-07T18:34:03+08:00 ] 127.0.0.1 /Frame/Home/index/
ERR: 模板不存在:./Application/Home/View/Index/index.html

[ 2016-04-07T18:34:03+08:00 ] 127.0.0.1 /Frame/Home/index/
ERR: 模板不存在:./Application/Home/View/Index/index.html

[ 2016-04-07T18:34:03+08:00 ] 127.0.0.1 /Frame/Home/index/
ERR: 模板不存在:./Application/Home/View/Index/index.html

[ 2016-04-07T18:34:03+08:00 ] 127.0.0.1 /Frame/Home/index/
ERR: 模板不存在:./Application/Home/View/Index/index.html

[ 2016-04-07T18:34:03+08:00 ] 127.0.0.1 /Frame/Home/index/
ERR: 模板不存在:./Application/Home/View/Index/index.html

[ 2016-04-07T18:34:03+08:00 ] 127.0.0.1 /Frame/Home/index/
ERR: 模板不存在:./Application/Home/View/Index/index.html

[ 2016-04-07T18:35:51+08:00 ] 127.0.0.1 /Frame/Home/index/
ERR: 模板不存在:./Application/Home/View/Index/index.html

[ 2016-04-07T18:35:51+08:00 ] 127.0.0.1 /Frame/Home/index/
ERR: 模板不存在:./Application/Home/View/Index/index.html

[ 2016-04-07T18:36:49+08:00 ] 127.0.0.1 /Frame/Home/index/
ERR: 模板不存在:./Application/Home/View/View/index.html.html

[ 2016-04-07T18:36:50+08:00 ] 127.0.0.1 /Frame/Home/index/
ERR: 模板不存在:./Application/Home/View/View/index.html.html

[ 2016-04-07T18:36:50+08:00 ] 127.0.0.1 /Frame/Home/index/
ERR: 模板不存在:./Application/Home/View/View/index.html.html

[ 2016-04-07T18:36:50+08:00 ] 127.0.0.1 /Frame/Home/index/
ERR: 模板不存在:./Application/Home/View/View/index.html.html

[ 2016-04-07T18:36:58+08:00 ] 127.0.0.1 /Frame/Home/index/
ERR: 模板不存在:./Application/Home/View/Index/index.html.html

[ 2016-04-07T18:37:14+08:00 ] 127.0.0.1 /Frame/Home/index/
ERR: 模板不存在:./Application/Home/View/Index/index.html

[ 2016-04-07T19:30:12+08:00 ] 127.0.0.1 /Frame/Home/model
ERR: 无法加载控制器:Model

[ 2016-04-07T19:30:16+08:00 ] 127.0.0.1 /Frame/Home/model
ERR: 无法加载控制器:Model

[ 2016-04-07T19:30:45+08:00 ] 127.0.0.1 /Frame/Home/index/model
ERR: 参数错误或者未定义:id

[ 2016-04-07T19:36:33+08:00 ] 127.0.0.1 /Frame/Home/index/css/index.css
ERR: 非法操作:css

[ 2016-04-07T19:36:34+08:00 ] 127.0.0.1 /Frame/Home/index/js/jquery-2.2.0.min.js
ERR: 非法操作:js

[ 2016-04-07T19:36:34+08:00 ] 127.0.0.1 /Frame/Home/index/js/first.js
ERR: 非法操作:js

[ 2016-04-07T19:36:41+08:00 ] 127.0.0.1 /Frame/Home/index/js/jquery-2.2.0.min.js
ERR: 非法操作:js

[ 2016-04-07T19:36:47+08:00 ] 127.0.0.1 /Frame/Home/index/js/jquery-2.2.0.min.js
ERR: 非法操作:js

[ 2016-04-07T19:37:08+08:00 ] 127.0.0.1 /Frame/Home/index/css/index.css
ERR: 非法操作:css

[ 2016-04-07T19:37:08+08:00 ] 127.0.0.1 /Frame/Home/index/js/jquery-2.2.0.min.js
ERR: 非法操作:js

[ 2016-04-07T19:37:09+08:00 ] 127.0.0.1 /Frame/Home/index/js/first.js
ERR: 非法操作:js

[ 2016-04-07T19:37:12+08:00 ] 127.0.0.1 /Frame/Home/index/js/first.js
ERR: 非法操作:js

[ 2016-04-07T19:37:20+08:00 ] 127.0.0.1 /Frame/Home/index/js/first.js
ERR: 非法操作:js

[ 2016-04-07T19:40:17+08:00 ] 127.0.0.1 /Frame/Home/index/css/index.css
ERR: 非法操作:css

[ 2016-04-07T19:40:17+08:00 ] 127.0.0.1 /Frame/Home/index/%7B/Frame/Public%7D/js/jquery-2.2.0.min.js
ERR: 非法操作:{

[ 2016-04-07T19:40:18+08:00 ] 127.0.0.1 /Frame/Home/index/js/first.js
ERR: 非法操作:js

[ 2016-04-07T19:40:29+08:00 ] 127.0.0.1 /Frame/Home/index/%7B/Frame/Public%7D/js/jquery-2.2.0.min.js
ERR: 非法操作:{

[ 2016-04-07T19:40:37+08:00 ] 127.0.0.1 /Frame/Home/index/%7B/Frame/Public%7D/js/jquery-2.2.0.min.js
ERR: 非法操作:{

[ 2016-04-07T19:40:47+08:00 ] 127.0.0.1 /Frame/Home/index/css/index.css
ERR: 非法操作:css

[ 2016-04-07T19:40:47+08:00 ] 127.0.0.1 /Frame/Home/index/$%7B/Frame/Public%7D/js/jquery-2.2.0.min.js
ERR: 非法操作:${

[ 2016-04-07T19:40:48+08:00 ] 127.0.0.1 /Frame/Home/index/js/first.js
ERR: 非法操作:js

[ 2016-04-07T19:41:17+08:00 ] 127.0.0.1 /Frame/Home/index/css/index.css
ERR: 非法操作:css

[ 2016-04-07T19:41:18+08:00 ] 127.0.0.1 /Frame/Home/index/js/first.js
ERR: 非法操作:js

[ 2016-04-07T19:43:19+08:00 ] 127.0.0.1 /Frame/Home/index/css/index.css
ERR: 非法操作:css

[ 2016-04-07T19:43:20+08:00 ] 127.0.0.1 /Frame/Home/index/js/first.js
ERR: 非法操作:js

[ 2016-04-07T19:43:21+08:00 ] 127.0.0.1 /Frame/Home/index/js/jquery-2.2.0.min.js
ERR: 非法操作:js

[ 2016-04-07T19:44:32+08:00 ] 127.0.0.1 /Frame/Home/index/css/index.css
ERR: 非法操作:css

[ 2016-04-07T19:44:32+08:00 ] 127.0.0.1 /Frame/Home/index/js/jquery-2.2.0.min.js
ERR: 非法操作:js

[ 2016-04-07T19:44:33+08:00 ] 127.0.0.1 /Frame/Home/index/js/first.js
ERR: 非法操作:js

[ 2016-04-07T19:44:42+08:00 ] 127.0.0.1 /Frame/Home/css/index.css
ERR: 无法加载控制器:Css

[ 2016-04-07T19:44:42+08:00 ] 127.0.0.1 /Frame/Home/js/jquery-2.2.0.min.js
ERR: 无法加载控制器:Js

[ 2016-04-07T19:44:43+08:00 ] 127.0.0.1 /Frame/Home/js/first.js
ERR: 无法加载控制器:Js

[ 2016-04-07T19:44:51+08:00 ] 127.0.0.1 /Frame/Home/css/index.css
ERR: 无法加载控制器:Css

[ 2016-04-07T19:44:51+08:00 ] 127.0.0.1 /Frame/Home/js/jquery-2.2.0.min.js
ERR: 无法加载控制器:Js

[ 2016-04-07T19:44:52+08:00 ] 127.0.0.1 /Frame/Home/js/first.js
ERR: 无法加载控制器:Js

[ 2016-04-07T19:46:21+08:00 ] 127.0.0.1 /Frame/Home/css/index.css
ERR: 无法加载控制器:Css

[ 2016-04-07T19:46:59+08:00 ] 127.0.0.1 /Frame/Home/css/index.css
ERR: 无法加载控制器:Css

[ 2016-04-07T19:47:01+08:00 ] 127.0.0.1 /Frame/Home/css/index.css
ERR: 无法加载控制器:Css

[ 2016-04-07T19:47:01+08:00 ] 127.0.0.1 /Frame/Home/css/index.css
ERR: 无法加载控制器:Css

[ 2016-04-07T19:47:01+08:00 ] 127.0.0.1 /Frame/Home/css/index.css
ERR: 无法加载控制器:Css

[ 2016-04-07T19:47:01+08:00 ] 127.0.0.1 /Frame/Home/css/index.css
ERR: 无法加载控制器:Css

[ 2016-04-07T19:47:01+08:00 ] 127.0.0.1 /Frame/Home/css/index.css
ERR: 无法加载控制器:Css

[ 2016-04-07T19:47:10+08:00 ] 127.0.0.1 /Frame/Home/css/index.css
ERR: 无法加载控制器:Css

[ 2016-04-07T19:47:10+08:00 ] 127.0.0.1 /Frame/Home/css/index.css
ERR: 无法加载控制器:Css

[ 2016-04-07T19:47:11+08:00 ] 127.0.0.1 /Frame/Home/css/index.css
ERR: 无法加载控制器:Css

[ 2016-04-07T19:48:18+08:00 ] 127.0.0.1 /Frame/Home/css/index.css
ERR: 无法加载控制器:Css

[ 2016-04-07T19:48:18+08:00 ] 127.0.0.1 /Frame/Home/css/index.css
ERR: 无法加载控制器:Css

[ 2016-04-07T19:48:18+08:00 ] 127.0.0.1 /Frame/Home/css/index.css
ERR: 无法加载控制器:Css

[ 2016-04-07T19:48:18+08:00 ] 127.0.0.1 /Frame/Home/css/index.css
ERR: 无法加载控制器:Css

[ 2016-04-07T19:48:19+08:00 ] 127.0.0.1 /Frame/Home/css/index.css
ERR: 无法加载控制器:Css

[ 2016-04-07T19:48:19+08:00 ] 127.0.0.1 /Frame/Home/css/index.css
ERR: 无法加载控制器:Css

[ 2016-04-07T19:53:56+08:00 ] 127.0.0.1 /Frame/Home/css/index.css
ERR: 无法加载控制器:Css

[ 2016-04-07T19:54:42+08:00 ] 127.0.0.1 /Frame/Home/css/index.css
ERR: 无法加载控制器:Css

[ 2016-04-07T19:54:42+08:00 ] 127.0.0.1 /Frame/Home/css/index.css
ERR: 无法加载控制器:Css

[ 2016-04-07T19:54:42+08:00 ] 127.0.0.1 /Frame/Home/css/index.css
ERR: 无法加载控制器:Css

[ 2016-04-07T19:54:43+08:00 ] 127.0.0.1 /Frame/Home/css/index.css
ERR: 无法加载控制器:Css

[ 2016-04-07T19:54:43+08:00 ] 127.0.0.1 /Frame/Home/css/index.css
ERR: 无法加载控制器:Css

[ 2016-04-07T19:54:43+08:00 ] 127.0.0.1 /Frame/Home/css/index.css
ERR: 无法加载控制器:Css

[ 2016-04-07T19:54:43+08:00 ] 127.0.0.1 /Frame/Home/css/index.css
ERR: 无法加载控制器:Css

[ 2016-04-07T19:59:07+08:00 ] 127.0.0.1 /Frame/Home/css/index.css
ERR: 无法加载控制器:Css

[ 2016-04-07T20:01:08+08:00 ] 127.0.0.1 /Frame/Home/css/index.css
ERR: 无法加载控制器:Css

[ 2016-04-07T20:25:50+08:00 ] 127.0.0.1 /Frame/Home/css/index.css
ERR: 无法加载控制器:Css

[ 2016-04-07T20:26:03+08:00 ] 127.0.0.1 /Frame/Home/model
ERR: 无法加载控制器:Model

[ 2016-04-07T20:26:20+08:00 ] 127.0.0.1 /Frame/Home/model
ERR: 无法加载控制器:Model

[ 2016-04-07T20:26:31+08:00 ] 127.0.0.1 /Frame/Home/css/index.css
ERR: 无法加载控制器:Css

[ 2016-04-07T20:26:35+08:00 ] 127.0.0.1 /Frame/Home/index/css/index.css
ERR: 非法操作:css

[ 2016-04-07T20:27:04+08:00 ] 127.0.0.1 /Frame/Home/index/css/index.css
ERR: 非法操作:css

[ 2016-04-07T20:27:04+08:00 ] 127.0.0.1 /Frame/Home/index/css/index.css
ERR: 非法操作:css

[ 2016-04-07T20:27:04+08:00 ] 127.0.0.1 /Frame/Home/index/css/index.css
ERR: 非法操作:css

[ 2016-04-07T20:27:07+08:00 ] 127.0.0.1 /Frame/Home/index/Home/index/model
ERR: 非法操作:Home

[ 2016-04-07T20:27:24+08:00 ] 127.0.0.1 /Frame/Home/index/css/index.css
ERR: 非法操作:css

[ 2016-04-07T20:34:39+08:00 ] 127.0.0.1 /Frame/Home/index/css/index.css
ERR: 非法操作:css

[ 2016-04-07T20:34:43+08:00 ] 127.0.0.1 /Frame/Home/index/model
ERR: 模板不存在:./Application/Home/View/Index/model.html.html

[ 2016-04-07T20:34:47+08:00 ] 127.0.0.1 /Frame/Home/index/model
ERR: 模板不存在:./Application/Home/View/Index/model.html.html

[ 2016-04-07T20:35:17+08:00 ] 127.0.0.1 /Frame/Home/index/css/index.css
ERR: 非法操作:css

[ 2016-04-07T20:35:24+08:00 ] 127.0.0.1 /Frame/Home/index/css/index.css
ERR: 非法操作:css

[ 2016-04-07T20:37:03+08:00 ] 127.0.0.1 /Frame/Home/index/css/index.css
ERR: 非法操作:css

[ 2016-04-07T20:37:07+08:00 ] 127.0.0.1 /Frame/Home/index/css/index.css
ERR: 非法操作:css

[ 2016-04-07T20:37:07+08:00 ] 127.0.0.1 /Frame/Home/index/css/index.css
ERR: 非法操作:css

[ 2016-04-07T20:37:07+08:00 ] 127.0.0.1 /Frame/Home/index/css/index.css
ERR: 非法操作:css

[ 2016-04-07T20:37:07+08:00 ] 127.0.0.1 /Frame/Home/index/css/index.css
ERR: 非法操作:css

[ 2016-04-07T20:37:08+08:00 ] 127.0.0.1 /Frame/Home/index/css/index.css
ERR: 非法操作:css

[ 2016-04-07T20:37:08+08:00 ] 127.0.0.1 /Frame/Home/index/css/index.css
ERR: 非法操作:css

[ 2016-04-07T20:37:56+08:00 ] 127.0.0.1 /Frame/Home/index/css/index.css
ERR: 非法操作:css

[ 2016-04-07T20:37:56+08:00 ] 127.0.0.1 /Frame/Home/index/css/index.css
ERR: 非法操作:css

[ 2016-04-07T20:37:56+08:00 ] 127.0.0.1 /Frame/Home/index/css/index.css
ERR: 非法操作:css

[ 2016-04-07T20:37:56+08:00 ] 127.0.0.1 /Frame/Home/index/css/index.css
ERR: 非法操作:css

[ 2016-04-07T20:37:56+08:00 ] 127.0.0.1 /Frame/Home/index/css/index.css
ERR: 非法操作:css

[ 2016-04-07T20:37:56+08:00 ] 127.0.0.1 /Frame/Home/index/css/index.css
ERR: 非法操作:css

[ 2016-04-07T20:38:59+08:00 ] 127.0.0.1 /Frame/Home/index/css/index.css
ERR: 非法操作:css

[ 2016-04-07T20:39:28+08:00 ] 127.0.0.1 /Frame/Home/index/css/index.css
ERR: 非法操作:css

[ 2016-04-07T20:39:59+08:00 ] 127.0.0.1 /Frame/Home/index/css/index.css
ERR: 非法操作:css

[ 2016-04-07T20:40:39+08:00 ] 127.0.0.1 /Frame/Home/index/css/index.css
ERR: 非法操作:css

[ 2016-04-07T20:40:40+08:00 ] 127.0.0.1 /Frame/Home/index/css/index.css
ERR: 非法操作:css

[ 2016-04-07T20:41:19+08:00 ] 127.0.0.1 /Frame/Home/index/css/index.css
ERR: 非法操作:css

[ 2016-04-07T20:41:19+08:00 ] 127.0.0.1 /Frame/Home/index/css/index.css
ERR: 非法操作:css

[ 2016-04-07T20:41:19+08:00 ] 127.0.0.1 /Frame/Home/index/css/index.css
ERR: 非法操作:css

[ 2016-04-07T20:41:29+08:00 ] 127.0.0.1 /Frame/Home/index/css/index.css
ERR: 非法操作:css

[ 2016-04-07T20:41:39+08:00 ] 127.0.0.1 /Frame/Home/index/css/index.css
ERR: 非法操作:css

[ 2016-04-07T20:41:40+08:00 ] 127.0.0.1 /Frame/Home/index/css/index.css
ERR: 非法操作:css

[ 2016-04-07T20:41:40+08:00 ] 127.0.0.1 /Frame/Home/index/css/index.css
ERR: 非法操作:css

[ 2016-04-07T20:41:40+08:00 ] 127.0.0.1 /Frame/Home/index/css/index.css
ERR: 非法操作:css

[ 2016-04-07T20:41:41+08:00 ] 127.0.0.1 /Frame/Home/index/css/index.css
ERR: 非法操作:css

[ 2016-04-07T20:41:41+08:00 ] 127.0.0.1 /Frame/Home/index/css/index.css
ERR: 非法操作:css

[ 2016-04-07T20:41:41+08:00 ] 127.0.0.1 /Frame/Home/index/css/index.css
ERR: 非法操作:css

[ 2016-04-07T20:41:41+08:00 ] 127.0.0.1 /Frame/Home/index/css/index.css
ERR: 非法操作:css

[ 2016-04-07T20:41:41+08:00 ] 127.0.0.1 /Frame/Home/index/css/index.css
ERR: 非法操作:css

[ 2016-04-07T20:41:41+08:00 ] 127.0.0.1 /Frame/Home/index/css/index.css
ERR: 非法操作:css

[ 2016-04-07T20:43:51+08:00 ] 127.0.0.1 /Frame/Home/index/css/index.css
ERR: 非法操作:css

[ 2016-04-07T20:43:52+08:00 ] 127.0.0.1 /Frame/Home/index/css/index.css
ERR: 非法操作:css

[ 2016-04-07T20:43:52+08:00 ] 127.0.0.1 /Frame/Home/index/css/index.css
ERR: 非法操作:css

[ 2016-04-07T20:43:53+08:00 ] 127.0.0.1 /Frame/Home/index/css/index.css
ERR: 非法操作:css

[ 2016-04-07T20:43:53+08:00 ] 127.0.0.1 /Frame/Home/index/css/index.css
ERR: 非法操作:css

[ 2016-04-07T20:43:53+08:00 ] 127.0.0.1 /Frame/Home/index/css/index.css
ERR: 非法操作:css

[ 2016-04-07T20:44:30+08:00 ] 127.0.0.1 /Frame/Home/index/css/index.css
ERR: 非法操作:css

[ 2016-04-07T20:44:31+08:00 ] 127.0.0.1 /Frame/Home/index/css/index.css
ERR: 非法操作:css

[ 2016-04-07T20:44:31+08:00 ] 127.0.0.1 /Frame/Home/index/css/index.css
ERR: 非法操作:css

[ 2016-04-07T20:44:31+08:00 ] 127.0.0.1 /Frame/Home/index/css/index.css
ERR: 非法操作:css

[ 2016-04-07T20:44:31+08:00 ] 127.0.0.1 /Frame/Home/index/css/index.css
ERR: 非法操作:css

[ 2016-04-07T20:44:58+08:00 ] 127.0.0.1 /Frame/Home/index/css/index.css
ERR: 非法操作:css

[ 2016-04-07T20:44:58+08:00 ] 127.0.0.1 /Frame/Home/index/css/index.css
ERR: 非法操作:css

[ 2016-04-07T20:44:58+08:00 ] 127.0.0.1 /Frame/Home/index/css/index.css
ERR: 非法操作:css

[ 2016-04-07T20:44:58+08:00 ] 127.0.0.1 /Frame/Home/index/css/index.css
ERR: 非法操作:css

[ 2016-04-07T20:44:59+08:00 ] 127.0.0.1 /Frame/Home/index/css/index.css
ERR: 非法操作:css

[ 2016-04-07T20:46:57+08:00 ] 127.0.0.1 /Frame/Home/index/css/index.css
ERR: 非法操作:css

[ 2016-04-07T20:46:58+08:00 ] 127.0.0.1 /Frame/Home/index/css/index.css
ERR: 非法操作:css

[ 2016-04-07T20:46:58+08:00 ] 127.0.0.1 /Frame/Home/index/css/index.css
ERR: 非法操作:css

[ 2016-04-07T20:46:58+08:00 ] 127.0.0.1 /Frame/Home/index/css/index.css
ERR: 非法操作:css

[ 2016-04-07T20:46:58+08:00 ] 127.0.0.1 /Frame/Home/index/css/index.css
ERR: 非法操作:css

[ 2016-04-07T20:47:00+08:00 ] 127.0.0.1 /Frame/Home/index/css/index.css
ERR: 非法操作:css

[ 2016-04-07T20:47:00+08:00 ] 127.0.0.1 /Frame/Home/index/css/index.css
ERR: 非法操作:css

[ 2016-04-07T20:47:00+08:00 ] 127.0.0.1 /Frame/Home/index/css/index.css
ERR: 非法操作:css

[ 2016-04-07T20:47:00+08:00 ] 127.0.0.1 /Frame/Home/index/css/index.css
ERR: 非法操作:css

[ 2016-04-07T20:47:00+08:00 ] 127.0.0.1 /Frame/Home/index/css/index.css
ERR: 非法操作:css

[ 2016-04-07T20:47:01+08:00 ] 127.0.0.1 /Frame/Home/index/css/index.css
ERR: 非法操作:css

[ 2016-04-07T20:47:11+08:00 ] 127.0.0.1 /Frame/Home/index/css/index.css
ERR: 非法操作:css

[ 2016-04-07T20:47:26+08:00 ] 127.0.0.1 /Frame/Home/index/css/index.css
ERR: 非法操作:css

[ 2016-04-07T20:47:27+08:00 ] 127.0.0.1 /Frame/Home/index/css/index.css
ERR: 非法操作:css

[ 2016-04-07T20:47:28+08:00 ] 127.0.0.1 /Frame/Home/index/css/index.css
ERR: 非法操作:css

[ 2016-04-07T20:48:21+08:00 ] 127.0.0.1 /Frame/Home/index/css/index.css
ERR: 非法操作:css

[ 2016-04-07T20:48:22+08:00 ] 127.0.0.1 /Frame/Home/index/css/index.css
ERR: 非法操作:css

[ 2016-04-07T20:48:23+08:00 ] 127.0.0.1 /Frame/Home/index/css/index.css
ERR: 非法操作:css

[ 2016-04-07T20:48:23+08:00 ] 127.0.0.1 /Frame/Home/index/css/index.css
ERR: 非法操作:css

[ 2016-04-07T20:48:23+08:00 ] 127.0.0.1 /Frame/Home/index/css/index.css
ERR: 非法操作:css

[ 2016-04-07T20:49:50+08:00 ] 127.0.0.1 /Frame/Home/index/css/index.css
ERR: 非法操作:css

[ 2016-04-07T20:49:51+08:00 ] 127.0.0.1 /Frame/Home/index/css/index.css
ERR: 非法操作:css

[ 2016-04-07T20:49:51+08:00 ] 127.0.0.1 /Frame/Home/index/css/index.css
ERR: 非法操作:css

[ 2016-04-07T20:49:51+08:00 ] 127.0.0.1 /Frame/Home/index/css/index.css
ERR: 非法操作:css

[ 2016-04-07T20:49:51+08:00 ] 127.0.0.1 /Frame/Home/index/css/index.css
ERR: 非法操作:css

[ 2016-04-07T20:49:51+08:00 ] 127.0.0.1 /Frame/Home/index/css/index.css
ERR: 非法操作:css

[ 2016-04-07T20:49:51+08:00 ] 127.0.0.1 /Frame/Home/index/css/index.css
ERR: 非法操作:css

[ 2016-04-07T20:49:52+08:00 ] 127.0.0.1 /Frame/Home/index/css/index.css
ERR: 非法操作:css

[ 2016-04-07T20:49:52+08:00 ] 127.0.0.1 /Frame/Home/index/css/index.css
ERR: 非法操作:css

[ 2016-04-07T20:49:54+08:00 ] 127.0.0.1 /Frame/Home/index/css/index.css
ERR: 非法操作:css

[ 2016-04-07T20:50:09+08:00 ] 127.0.0.1 /Frame/Home/index/css/index.css
ERR: 非法操作:css

[ 2016-04-07T20:50:09+08:00 ] 127.0.0.1 /Frame/Home/index/css/index.css
ERR: 非法操作:css

[ 2016-04-07T20:50:10+08:00 ] 127.0.0.1 /Frame/Home/index/css/index.css
ERR: 非法操作:css

[ 2016-04-07T20:50:10+08:00 ] 127.0.0.1 /Frame/Home/index/css/index.css
ERR: 非法操作:css

[ 2016-04-07T20:50:18+08:00 ] 127.0.0.1 /Frame/Home/index/css/index.css
ERR: 非法操作:css

[ 2016-04-07T20:50:19+08:00 ] 127.0.0.1 /Frame/Home/index/css/index.css
ERR: 非法操作:css

[ 2016-04-07T20:50:19+08:00 ] 127.0.0.1 /Frame/Home/index/css/index.css
ERR: 非法操作:css

[ 2016-04-07T20:50:19+08:00 ] 127.0.0.1 /Frame/Home/index/css/index.css
ERR: 非法操作:css

[ 2016-04-07T20:50:19+08:00 ] 127.0.0.1 /Frame/Home/index/css/index.css
ERR: 非法操作:css

[ 2016-04-07T20:50:19+08:00 ] 127.0.0.1 /Frame/Home/index/css/index.css
ERR: 非法操作:css

[ 2016-04-07T20:50:27+08:00 ] 127.0.0.1 /Frame/Home/index/css/index.css
ERR: 非法操作:css

[ 2016-04-07T20:50:27+08:00 ] 127.0.0.1 /Frame/Home/index/css/index.css
ERR: 非法操作:css

[ 2016-04-07T20:50:27+08:00 ] 127.0.0.1 /Frame/Home/index/css/index.css
ERR: 非法操作:css

[ 2016-04-07T20:50:27+08:00 ] 127.0.0.1 /Frame/Home/index/css/index.css
ERR: 非法操作:css

[ 2016-04-07T20:50:27+08:00 ] 127.0.0.1 /Frame/Home/index/css/index.css
ERR: 非法操作:css

[ 2016-04-07T20:50:28+08:00 ] 127.0.0.1 /Frame/Home/index/css/index.css
ERR: 非法操作:css

[ 2016-04-07T20:50:40+08:00 ] 127.0.0.1 /Frame/Home/index/css/index.css
ERR: 非法操作:css

[ 2016-04-07T20:50:40+08:00 ] 127.0.0.1 /Frame/Home/index/css/index.css
ERR: 非法操作:css

[ 2016-04-07T20:50:40+08:00 ] 127.0.0.1 /Frame/Home/index/css/index.css
ERR: 非法操作:css

[ 2016-04-07T20:50:41+08:00 ] 127.0.0.1 /Frame/Home/index/css/index.css
ERR: 非法操作:css

[ 2016-04-07T20:50:41+08:00 ] 127.0.0.1 /Frame/Home/index/css/index.css
ERR: 非法操作:css

[ 2016-04-07T20:50:41+08:00 ] 127.0.0.1 /Frame/Home/index/css/index.css
ERR: 非法操作:css

[ 2016-04-07T20:50:41+08:00 ] 127.0.0.1 /Frame/Home/index/css/index.css
ERR: 非法操作:css

[ 2016-04-07T20:52:21+08:00 ] 127.0.0.1 /Frame/Home/index/css/index.css
ERR: 非法操作:css

[ 2016-04-07T20:52:22+08:00 ] 127.0.0.1 /Frame/Home/index/css/index.css
ERR: 非法操作:css

[ 2016-04-07T20:52:22+08:00 ] 127.0.0.1 /Frame/Home/index/css/index.css
ERR: 非法操作:css

[ 2016-04-07T20:52:22+08:00 ] 127.0.0.1 /Frame/Home/index/css/index.css
ERR: 非法操作:css

[ 2016-04-07T20:53:03+08:00 ] 127.0.0.1 /Frame/Home/index/css/index.css
ERR: 非法操作:css

[ 2016-04-07T20:53:03+08:00 ] 127.0.0.1 /Frame/Home/index/css/index.css
ERR: 非法操作:css

[ 2016-04-07T20:53:03+08:00 ] 127.0.0.1 /Frame/Home/index/css/index.css
ERR: 非法操作:css

[ 2016-04-07T20:53:03+08:00 ] 127.0.0.1 /Frame/Home/index/css/index.css
ERR: 非法操作:css

[ 2016-04-07T20:55:17+08:00 ] 127.0.0.1 /Frame/Home/index/css/index.css
ERR: 非法操作:css

[ 2016-04-07T20:55:19+08:00 ] 127.0.0.1 /Frame/Home/index/css/index.css
ERR: 非法操作:css

[ 2016-04-07T20:55:56+08:00 ] 127.0.0.1 /Frame/Home/index/css/index.css
ERR: 非法操作:css

[ 2016-04-07T20:55:58+08:00 ] 127.0.0.1 /Frame/Home/index/css/index.css
ERR: 非法操作:css

[ 2016-04-07T20:57:26+08:00 ] 127.0.0.1 /Frame/Home/index/css/index.css
ERR: 非法操作:css

[ 2016-04-07T20:59:19+08:00 ] 127.0.0.1 /Frame/Home/index/css/index.css
ERR: 非法操作:css

[ 2016-04-07T20:59:38+08:00 ] 127.0.0.1 /Frame/Home/index/css/index.css
ERR: 非法操作:css

[ 2016-04-07T20:59:38+08:00 ] 127.0.0.1 /Frame/Home/index/css/index.css
ERR: 非法操作:css

[ 2016-04-07T20:59:39+08:00 ] 127.0.0.1 /Frame/Home/index/css/index.css
ERR: 非法操作:css

[ 2016-04-07T20:59:39+08:00 ] 127.0.0.1 /Frame/Home/index/css/index.css
ERR: 非法操作:css

[ 2016-04-07T20:59:39+08:00 ] 127.0.0.1 /Frame/Home/index/css/index.css
ERR: 非法操作:css

[ 2016-04-07T21:01:31+08:00 ] 127.0.0.1 /Frame/Home/index/css/index.css
ERR: 非法操作:css

[ 2016-04-07T21:01:35+08:00 ] 127.0.0.1 /Frame/Home/index/css/index.css
ERR: 非法操作:css

[ 2016-04-07T21:02:57+08:00 ] 127.0.0.1 /Frame/Home/index/css/index.css
ERR: 非法操作:css

[ 2016-04-07T21:02:58+08:00 ] 127.0.0.1 /Frame/Home/index/css/index.css
ERR: 非法操作:css

[ 2016-04-07T21:02:58+08:00 ] 127.0.0.1 /Frame/Home/index/css/index.css
ERR: 非法操作:css

[ 2016-04-07T21:02:58+08:00 ] 127.0.0.1 /Frame/Home/index/css/index.css
ERR: 非法操作:css

[ 2016-04-07T21:02:58+08:00 ] 127.0.0.1 /Frame/Home/index/css/index.css
ERR: 非法操作:css

[ 2016-04-07T21:02:58+08:00 ] 127.0.0.1 /Frame/Home/index/css/index.css
ERR: 非法操作:css

[ 2016-04-07T21:02:58+08:00 ] 127.0.0.1 /Frame/Home/index/css/index.css
ERR: 非法操作:css

[ 2016-04-07T21:02:59+08:00 ] 127.0.0.1 /Frame/Home/index/css/index.css
ERR: 非法操作:css

[ 2016-04-07T21:02:59+08:00 ] 127.0.0.1 /Frame/Home/index/css/index.css
ERR: 非法操作:css

[ 2016-04-07T21:02:59+08:00 ] 127.0.0.1 /Frame/Home/index/css/index.css
ERR: 非法操作:css

[ 2016-04-07T21:02:59+08:00 ] 127.0.0.1 /Frame/Home/index/css/index.css
ERR: 非法操作:css

[ 2016-04-07T21:03:48+08:00 ] 127.0.0.1 /Frame/Home/index/css/index.css
ERR: 非法操作:css

[ 2016-04-07T21:04:22+08:00 ] 127.0.0.1 /Frame/Home/index/css/index.css
ERR: 非法操作:css

[ 2016-04-07T21:04:22+08:00 ] 127.0.0.1 /Frame/Home/index/css/index.css
ERR: 非法操作:css

[ 2016-04-07T21:04:24+08:00 ] 127.0.0.1 /Frame/Home/index/css/index.css
ERR: 非法操作:css

[ 2016-04-07T21:05:59+08:00 ] 127.0.0.1 /Frame/Home/index/css/index.css
ERR: 非法操作:css

[ 2016-04-07T21:06:01+08:00 ] 127.0.0.1 /Frame/Home/index/css/index.css
ERR: 非法操作:css

[ 2016-04-07T21:06:30+08:00 ] 127.0.0.1 /Frame/Home/index/css/index.css
ERR: 非法操作:css

[ 2016-04-07T21:06:31+08:00 ] 127.0.0.1 /Frame/Home/index/css/index.css
ERR: 非法操作:css

[ 2016-04-07T21:06:31+08:00 ] 127.0.0.1 /Frame/Home/index/css/index.css
ERR: 非法操作:css

[ 2016-04-07T21:06:47+08:00 ] 127.0.0.1 /Frame/Home/index/css/index.css
ERR: 非法操作:css

[ 2016-04-07T21:06:52+08:00 ] 127.0.0.1 /Frame/Home/index/css/index.css
ERR: 非法操作:css

[ 2016-04-07T21:07:27+08:00 ] 127.0.0.1 /Frame/Home/index/css/index.css
ERR: 非法操作:css

[ 2016-04-07T21:07:29+08:00 ] 127.0.0.1 /Frame/Home/index/css/index.css
ERR: 非法操作:css

[ 2016-04-07T21:08:26+08:00 ] 127.0.0.1 /Frame/Home/index/css/index.css
ERR: 非法操作:css

[ 2016-04-07T21:08:34+08:00 ] 127.0.0.1 /Frame/Home/index/css/index.css
ERR: 非法操作:css

[ 2016-04-07T21:09:43+08:00 ] 127.0.0.1 /Frame/Home/index/css/index.css
ERR: 非法操作:css

[ 2016-04-07T21:09:43+08:00 ] 127.0.0.1 /Frame/Home/index/css/index.css
ERR: 非法操作:css

[ 2016-04-07T21:09:43+08:00 ] 127.0.0.1 /Frame/Home/index/css/index.css
ERR: 非法操作:css

[ 2016-04-07T21:09:43+08:00 ] 127.0.0.1 /Frame/Home/index/css/index.css
ERR: 非法操作:css

[ 2016-04-07T21:10:15+08:00 ] 127.0.0.1 /Frame/Home/index/css/index.css
ERR: 非法操作:css

[ 2016-04-07T21:10:15+08:00 ] 127.0.0.1 /Frame/Home/index/css/index.css
ERR: 非法操作:css

[ 2016-04-07T21:10:16+08:00 ] 127.0.0.1 /Frame/Home/index/css/index.css
ERR: 非法操作:css

[ 2016-04-07T21:10:16+08:00 ] 127.0.0.1 /Frame/Home/index/css/index.css
ERR: 非法操作:css

[ 2016-04-07T21:10:25+08:00 ] 127.0.0.1 /Frame/Home/index/css/index.css
ERR: 非法操作:css

[ 2016-04-07T21:10:44+08:00 ] 127.0.0.1 /Frame/Home/index/css/index.css
ERR: 非法操作:css

[ 2016-04-07T21:10:44+08:00 ] 127.0.0.1 /Frame/Home/index/css/index.css
ERR: 非法操作:css

[ 2016-04-07T21:10:44+08:00 ] 127.0.0.1 /Frame/Home/index/css/index.css
ERR: 非法操作:css

[ 2016-04-07T21:11:12+08:00 ] 127.0.0.1 /Frame/Home/index/css/index.css
ERR: 非法操作:css

[ 2016-04-07T21:11:13+08:00 ] 127.0.0.1 /Frame/Home/index/css/index.css
ERR: 非法操作:css

[ 2016-04-07T21:11:13+08:00 ] 127.0.0.1 /Frame/Home/index/css/index.css
ERR: 非法操作:css

[ 2016-04-07T21:11:27+08:00 ] 127.0.0.1 /Frame/Home/index/css/index.css
ERR: 非法操作:css

[ 2016-04-07T21:12:51+08:00 ] 127.0.0.1 /Frame/Home/index/css/index.css
ERR: 非法操作:css

[ 2016-04-07T21:12:51+08:00 ] 127.0.0.1 /Frame/Home/index/css/index.css
ERR: 非法操作:css

[ 2016-04-07T21:12:51+08:00 ] 127.0.0.1 /Frame/Home/index/css/index.css
ERR: 非法操作:css

[ 2016-04-07T21:13:10+08:00 ] 127.0.0.1 /Frame/Home/index/css/index.css
ERR: 非法操作:css

[ 2016-04-07T21:13:26+08:00 ] 127.0.0.1 /Frame/Home/index/css/index.css
ERR: 非法操作:css

[ 2016-04-07T21:13:26+08:00 ] 127.0.0.1 /Frame/Home/index/css/index.css
ERR: 非法操作:css

[ 2016-04-07T21:13:26+08:00 ] 127.0.0.1 /Frame/Home/index/css/index.css
ERR: 非法操作:css

[ 2016-04-07T21:18:05+08:00 ] 127.0.0.1 /Frame/Home/index/css/index.css
ERR: 非法操作:css

[ 2016-04-07T21:18:05+08:00 ] 127.0.0.1 /Frame/Home/index/css/index.css
ERR: 非法操作:css

[ 2016-04-07T21:18:05+08:00 ] 127.0.0.1 /Frame/Home/index/css/index.css
ERR: 非法操作:css

[ 2016-04-07T21:19:13+08:00 ] 127.0.0.1 /Frame/Home/index/css/index.css
ERR: 非法操作:css

[ 2016-04-07T21:22:25+08:00 ] 127.0.0.1 /Frame/Home/index/css/index.css
ERR: 非法操作:css

[ 2016-04-07T21:23:58+08:00 ] 127.0.0.1 /Frame/Home/index/css/index.css
ERR: 非法操作:css

[ 2016-04-07T21:23:59+08:00 ] 127.0.0.1 /Frame/Home/index/css/index.css
ERR: 非法操作:css

[ 2016-04-07T21:23:59+08:00 ] 127.0.0.1 /Frame/Home/index/css/index.css
ERR: 非法操作:css

[ 2016-04-07T21:23:59+08:00 ] 127.0.0.1 /Frame/Home/index/css/index.css
ERR: 非法操作:css

[ 2016-04-07T21:25:11+08:00 ] 127.0.0.1 /Frame/Home/index/css/index.css
ERR: 非法操作:css

[ 2016-04-07T21:25:11+08:00 ] 127.0.0.1 /Frame/Home/index/css/index.css
ERR: 非法操作:css

[ 2016-04-07T21:28:27+08:00 ] 127.0.0.1 /Frame/Home/index/css/index.css
ERR: 非法操作:css

[ 2016-04-07T21:28:52+08:00 ] 127.0.0.1 /Frame/Home/index/css/index.css
ERR: 非法操作:css

[ 2016-04-07T21:29:00+08:00 ] 127.0.0.1 /Frame/Home/index/css/index.css
ERR: 非法操作:css

[ 2016-04-07T21:30:45+08:00 ] 127.0.0.1 /Frame/Home/index/css/index.css
ERR: 非法操作:css

[ 2016-04-07T21:51:06+08:00 ] 127.0.0.1 /Frame/Home/index/css/index.css
ERR: 非法操作:css

[ 2016-04-07T21:58:04+08:00 ] 127.0.0.1 /Frame/Home/index/css/index.css
ERR: 非法操作:css

[ 2016-04-07T22:01:15+08:00 ] 127.0.0.1 /Frame/Home/index/css/index.css
ERR: 非法操作:css

[ 2016-04-07T22:01:17+08:00 ] 127.0.0.1 /Frame/Home/index/css/index.css
ERR: 非法操作:css

[ 2016-04-07T22:01:31+08:00 ] 127.0.0.1 /Frame/Home/index/css/index.css
ERR: 非法操作:css

[ 2016-04-07T22:01:38+08:00 ] 127.0.0.1 /Frame/Home/index/css/index.css
ERR: 非法操作:css

[ 2016-04-07T22:02:21+08:00 ] 127.0.0.1 /Frame/Home/index/css/index.css
ERR: 非法操作:css

[ 2016-04-07T22:02:33+08:00 ] 127.0.0.1 /Frame/Home/index/css/index.css
ERR: 非法操作:css

[ 2016-04-07T22:04:53+08:00 ] 127.0.0.1 /Frame/Home/index/css/index.css
ERR: 非法操作:css

[ 2016-04-07T22:05:36+08:00 ] 127.0.0.1 /Frame/Home/index/css/index.css
ERR: 非法操作:css

[ 2016-04-07T22:05:38+08:00 ] 127.0.0.1 /Frame/Home/index/css/index.css
ERR: 非法操作:css

[ 2016-04-07T22:05:48+08:00 ] 127.0.0.1 /Frame/Home/index/css/index.css
ERR: 非法操作:css

[ 2016-04-07T22:06:01+08:00 ] 127.0.0.1 /Frame/Home/index/css/index.css
ERR: 非法操作:css

[ 2016-04-07T22:06:41+08:00 ] 127.0.0.1 /Frame/Home/index/css/index.css
ERR: 非法操作:css

[ 2016-04-07T22:07:36+08:00 ] 127.0.0.1 /Frame/Home/index/css/index.css
ERR: 非法操作:css

[ 2016-04-07T22:07:38+08:00 ] 127.0.0.1 /Frame/Home/index/css/index.css
ERR: 非法操作:css

[ 2016-04-07T22:07:45+08:00 ] 127.0.0.1 /Frame/Home/index/css/index.css
ERR: 非法操作:css

[ 2016-04-07T22:07:53+08:00 ] 127.0.0.1 /Frame/Home/index/css/index.css
ERR: 非法操作:css

[ 2016-04-07T22:08:08+08:00 ] 127.0.0.1 /Frame/Home/index/css/index.css
ERR: 非法操作:css

[ 2016-04-07T22:17:08+08:00 ] 127.0.0.1 /Frame/Home/index/css/index.css
ERR: 非法操作:css

[ 2016-04-07T22:17:10+08:00 ] 127.0.0.1 /Frame/Home/index/css/index.css
ERR: 非法操作:css

[ 2016-04-07T22:17:26+08:00 ] 127.0.0.1 /Frame/Home/index/css/index.css
ERR: 非法操作:css

[ 2016-04-07T22:19:02+08:00 ] 127.0.0.1 /Frame/Home/index/css/index.css
ERR: 非法操作:css

[ 2016-04-07T22:20:37+08:00 ] 127.0.0.1 /Frame/Home/index/css/index.css
ERR: 非法操作:css

[ 2016-04-07T22:20:39+08:00 ] 127.0.0.1 /Frame/Home/index/css/index.css
ERR: 非法操作:css

[ 2016-04-07T22:20:40+08:00 ] 127.0.0.1 /Frame/Home/index/css/index.css
ERR: 非法操作:css

[ 2016-04-07T22:20:40+08:00 ] 127.0.0.1 /Frame/Home/index/css/index.css
ERR: 非法操作:css

[ 2016-04-07T22:23:33+08:00 ] 127.0.0.1 /Frame/Home/index/css/index.css
ERR: 非法操作:css

[ 2016-04-07T22:24:28+08:00 ] 127.0.0.1 /Frame/Home/index/css/index.css
ERR: 非法操作:css

[ 2016-04-07T22:24:30+08:00 ] 127.0.0.1 /Frame/Home/index/css/index.css
ERR: 非法操作:css

[ 2016-04-07T22:26:05+08:00 ] 127.0.0.1 /Frame/Home/index/model
ERR: Think\Controller:assgin方法不存在！

[ 2016-04-07T22:29:58+08:00 ] 127.0.0.1 /Frame/Home/index/css/query.css
ERR: 非法操作:css

[ 2016-04-07T22:29:59+08:00 ] 127.0.0.1 /Frame/Home/index/js/jquery-2.2.0.min.js
ERR: 非法操作:js

[ 2016-04-07T22:30:06+08:00 ] 127.0.0.1 /Frame/Home/index/css/index.css
ERR: 非法操作:css

[ 2016-04-07T22:45:53+08:00 ] 127.0.0.1 /Frame/Home/index/css/index.css
ERR: 非法操作:css

[ 2016-04-07T22:45:54+08:00 ] 127.0.0.1 /Frame/Home/index/css/index.css
ERR: 非法操作:css

[ 2016-04-07T22:46:00+08:00 ] 127.0.0.1 /Frame/Home/index/model
ERR: 模板不存在:./Application/Home/View/Index/model.html

[ 2016-04-07T22:48:18+08:00 ] 127.0.0.1 /Frame/Home/index/css/index.css
ERR: 非法操作:css

[ 2016-04-07T22:50:46+08:00 ] 127.0.0.1 /Frame/Home/index/css/index.css
ERR: 非法操作:css

[ 2016-04-07T22:50:47+08:00 ] 127.0.0.1 /Frame/Home/index/css/index.css
ERR: 非法操作:css

[ 2016-04-07T23:17:13+08:00 ] 127.0.0.1 /Frame/Home/index/
ERR: 模板不存在:./Application/Home/View/Index/index.html

[ 2016-04-07T23:17:19+08:00 ] 127.0.0.1 /Frame/Home/index/css/index.css
ERR: 非法操作:css

[ 2016-04-07T23:17:21+08:00 ] 127.0.0.1 /Frame/Home/index/css/index.css
ERR: 非法操作:css

[ 2016-04-07T23:17:22+08:00 ] 127.0.0.1 /Frame/Home/index/css/index.css
ERR: 非法操作:css

[ 2016-04-07T23:17:26+08:00 ] 127.0.0.1 /Frame/Home/index/css/index.css
ERR: 非法操作:css

[ 2016-04-07T23:17:32+08:00 ] 127.0.0.1 /Frame/Home/index/index/
ERR: 模板不存在:./Application/Home/View/Index/index.html

[ 2016-04-07T23:18:23+08:00 ] 127.0.0.1 /Frame/Home/index/css/index.css
ERR: 非法操作:css

[ 2016-04-07T23:18:25+08:00 ] 127.0.0.1 /Frame/Home/index/css/index.css
ERR: 非法操作:css

[ 2016-04-07T23:20:54+08:00 ] 127.0.0.1 /Frame/Home/index/css/index.css
ERR: 非法操作:css

[ 2016-04-07T23:21:41+08:00 ] 127.0.0.1 /Frame/Home/login.html
ERR: 无法加载控制器:Login

[ 2016-04-07T23:21:47+08:00 ] 127.0.0.1 /Frame/Home/css/index.css
ERR: 无法加载控制器:Css

[ 2016-04-07T23:28:41+08:00 ] 127.0.0.1 /Frame/Home/index/css/index.css
ERR: 非法操作:css

[ 2016-04-07T23:34:41+08:00 ] 127.0.0.1 /Frame/Home/index/css/index.css
ERR: 非法操作:css

[ 2016-04-07T23:34:42+08:00 ] 127.0.0.1 /Frame/Home/index/css/index.css
ERR: 非法操作:css

[ 2016-04-07T23:35:08+08:00 ] 127.0.0.1 /Frame/Home/index/css/index.css
ERR: 非法操作:css

[ 2016-04-07T23:35:09+08:00 ] 127.0.0.1 /Frame/Home/index/css/index.css
ERR: 非法操作:css

[ 2016-04-07T23:35:09+08:00 ] 127.0.0.1 /Frame/Home/index/css/index.css
ERR: 非法操作:css

[ 2016-04-07T23:35:09+08:00 ] 127.0.0.1 /Frame/Home/index/css/index.css
ERR: 非法操作:css

[ 2016-04-07T23:35:09+08:00 ] 127.0.0.1 /Frame/Home/index/css/index.css
ERR: 非法操作:css

[ 2016-04-07T23:35:09+08:00 ] 127.0.0.1 /Frame/Home/index/css/index.css
ERR: 非法操作:css

